{"/Users/honlee/Desktop/under5/VoiceSpace/front/src/index.tsx": {"path":"/Users/honlee/Desktop/under5/VoiceSpace/front/src/index.tsx","statementMap":{"0":{"start":{"line":11,"column":11},"end":{"line":11,"column":36}},"1":{"start":{"line":12,"column":0},"end":{"line":12,"column":62}},"2":{"start":{"line":14,"column":0},"end":{"line":17,"column":3}},"3":{"start":{"line":15,"column":13},"end":{"line":15,"column":38}},"4":{"start":{"line":16,"column":2},"end":{"line":16,"column":64}},"5":{"start":{"line":20,"column":2},"end":{"line":25,"column":4}},"6":{"start":{"line":28,"column":0},"end":{"line":35,"column":2}},"7":{"start":{"line":40,"column":0},"end":{"line":40,"column":18}}},"fnMap":{"0":{"name":"(anonymous_0)","decl":{"start":{"line":14,"column":34},"end":{"line":14,"column":35}},"loc":{"start":{"line":14,"column":40},"end":{"line":17,"column":1}},"line":14},"1":{"name":"Router","decl":{"start":{"line":19,"column":9},"end":{"line":19,"column":15}},"loc":{"start":{"line":19,"column":18},"end":{"line":26,"column":1}},"line":19}},"branchMap":{},"s":{"0":0,"1":0,"2":0,"3":0,"4":0,"5":0,"6":0,"7":0},"f":{"0":0,"1":0},"b":{}}
,"/Users/honlee/Desktop/under5/VoiceSpace/front/src/reportWebVitals.ts": {"path":"/Users/honlee/Desktop/under5/VoiceSpace/front/src/reportWebVitals.ts","statementMap":{"0":{"start":{"line":3,"column":24},"end":{"line":13,"column":1}},"1":{"start":{"line":4,"column":2},"end":{"line":12,"column":3}},"2":{"start":{"line":5,"column":4},"end":{"line":11,"column":7}},"3":{"start":{"line":6,"column":6},"end":{"line":6,"column":26}},"4":{"start":{"line":7,"column":6},"end":{"line":7,"column":26}},"5":{"start":{"line":8,"column":6},"end":{"line":8,"column":26}},"6":{"start":{"line":9,"column":6},"end":{"line":9,"column":26}},"7":{"start":{"line":10,"column":6},"end":{"line":10,"column":27}}},"fnMap":{"0":{"name":"(anonymous_0)","decl":{"start":{"line":3,"column":24},"end":{"line":3,"column":25}},"loc":{"start":{"line":3,"column":63},"end":{"line":13,"column":1}},"line":3},"1":{"name":"(anonymous_1)","decl":{"start":{"line":5,"column":30},"end":{"line":5,"column":31}},"loc":{"start":{"line":5,"column":77},"end":{"line":11,"column":5}},"line":5}},"branchMap":{"0":{"loc":{"start":{"line":4,"column":2},"end":{"line":12,"column":3}},"type":"if","locations":[{"start":{"line":4,"column":2},"end":{"line":12,"column":3}},{"start":{"line":4,"column":2},"end":{"line":12,"column":3}}],"line":4},"1":{"loc":{"start":{"line":4,"column":6},"end":{"line":4,"column":52}},"type":"binary-expr","locations":[{"start":{"line":4,"column":6},"end":{"line":4,"column":17}},{"start":{"line":4,"column":21},"end":{"line":4,"column":52}}],"line":4}},"s":{"0":0,"1":0,"2":0,"3":0,"4":0,"5":0,"6":0,"7":0},"f":{"0":0,"1":0},"b":{"0":[0,0],"1":[0,0]}}
,"/Users/honlee/Desktop/under5/VoiceSpace/front/src/components/CreateRoom.tsx": {"path":"/Users/honlee/Desktop/under5/VoiceSpace/front/src/components/CreateRoom.tsx","statementMap":{"0":{"start":{"line":9,"column":2},"end":{"line":21,"column":4}}},"fnMap":{"0":{"name":"CreateRoom","decl":{"start":{"line":8,"column":9},"end":{"line":8,"column":19}},"loc":{"start":{"line":8,"column":57},"end":{"line":22,"column":1}},"line":8}},"branchMap":{},"s":{"0":2},"f":{"0":2},"b":{},"_coverageSchema":"1a1c01bbd47fc00a2c39e90264f33305004495a9","hash":"29028c14bc844c7581365e2bdc512617ac8a8fde"}
,"/Users/honlee/Desktop/under5/VoiceSpace/front/src/components/Descript.tsx": {"path":"/Users/honlee/Desktop/under5/VoiceSpace/front/src/components/Descript.tsx","statementMap":{"0":{"start":{"line":9,"column":2},"end":{"line":16,"column":4}}},"fnMap":{"0":{"name":"Descript","decl":{"start":{"line":8,"column":9},"end":{"line":8,"column":17}},"loc":{"start":{"line":8,"column":53},"end":{"line":17,"column":1}},"line":8}},"branchMap":{},"s":{"0":2},"f":{"0":2},"b":{},"_coverageSchema":"1a1c01bbd47fc00a2c39e90264f33305004495a9","hash":"dd57be1d9105ed64fc2119e510e8e9254c55587c"}
,"/Users/honlee/Desktop/under5/VoiceSpace/front/src/components/EnterRoom.tsx": {"path":"/Users/honlee/Desktop/under5/VoiceSpace/front/src/components/EnterRoom.tsx","statementMap":{"0":{"start":{"line":11,"column":30},"end":{"line":11,"column":42}},"1":{"start":{"line":13,"column":4},"end":{"line":18,"column":7}},"2":{"start":{"line":15,"column":41},"end":{"line":15,"column":75}},"3":{"start":{"line":21,"column":28},"end":{"line":21,"column":39}},"4":{"start":{"line":23,"column":18},"end":{"line":25,"column":3}},"5":{"start":{"line":24,"column":4},"end":{"line":24,"column":16}},"6":{"start":{"line":27,"column":17},"end":{"line":29,"column":3}},"7":{"start":{"line":28,"column":4},"end":{"line":28,"column":43}},"8":{"start":{"line":28,"column":31},"end":{"line":28,"column":43}},"9":{"start":{"line":31,"column":24},"end":{"line":33,"column":3}},"10":{"start":{"line":32,"column":4},"end":{"line":32,"column":30}},"11":{"start":{"line":35,"column":2},"end":{"line":49,"column":4}}},"fnMap":{"0":{"name":"EnterRoom","decl":{"start":{"line":10,"column":9},"end":{"line":10,"column":18}},"loc":{"start":{"line":10,"column":55},"end":{"line":50,"column":1}},"line":10},"1":{"name":"(anonymous_1)","decl":{"start":{"line":15,"column":35},"end":{"line":15,"column":36}},"loc":{"start":{"line":15,"column":41},"end":{"line":15,"column":75}},"line":15},"2":{"name":"(anonymous_2)","decl":{"start":{"line":23,"column":18},"end":{"line":23,"column":19}},"loc":{"start":{"line":23,"column":24},"end":{"line":25,"column":3}},"line":23},"3":{"name":"(anonymous_3)","decl":{"start":{"line":27,"column":17},"end":{"line":27,"column":18}},"loc":{"start":{"line":27,"column":60},"end":{"line":29,"column":3}},"line":27},"4":{"name":"(anonymous_4)","decl":{"start":{"line":31,"column":24},"end":{"line":31,"column":25}},"loc":{"start":{"line":31,"column":68},"end":{"line":33,"column":3}},"line":31}},"branchMap":{"0":{"loc":{"start":{"line":28,"column":4},"end":{"line":28,"column":43}},"type":"if","locations":[{"start":{"line":28,"column":4},"end":{"line":28,"column":43}},{"start":{"line":28,"column":4},"end":{"line":28,"column":43}}],"line":28},"1":{"loc":{"start":{"line":47,"column":7},"end":{"line":47,"column":29}},"type":"cond-expr","locations":[{"start":{"line":47,"column":15},"end":{"line":47,"column":22}},{"start":{"line":47,"column":25},"end":{"line":47,"column":29}}],"line":47}},"s":{"0":9,"1":9,"2":1,"3":9,"4":9,"5":2,"6":9,"7":1,"8":0,"9":9,"10":3,"11":9},"f":{"0":9,"1":1,"2":2,"3":1,"4":3},"b":{"0":[0,1],"1":[5,4]},"_coverageSchema":"1a1c01bbd47fc00a2c39e90264f33305004495a9","hash":"5e870429af4173483d500ce6db9f65e9d1bb2d14"}
,"/Users/honlee/Desktop/under5/VoiceSpace/front/src/components/Joystick.tsx": {"path":"/Users/honlee/Desktop/under5/VoiceSpace/front/src/components/Joystick.tsx","statementMap":{"0":{"start":{"line":14,"column":26},"end":{"line":14,"column":56}},"1":{"start":{"line":15,"column":22},"end":{"line":15,"column":52}},"2":{"start":{"line":16,"column":27},"end":{"line":16,"column":53}},"3":{"start":{"line":17,"column":25},"end":{"line":17,"column":51}},"4":{"start":{"line":19,"column":30},"end":{"line":22,"column":4}},"5":{"start":{"line":23,"column":25},"end":{"line":23,"column":34}},"6":{"start":{"line":26,"column":29},"end":{"line":42,"column":3}},"7":{"start":{"line":27,"column":4},"end":{"line":27,"column":65}},"8":{"start":{"line":27,"column":58},"end":{"line":27,"column":65}},"9":{"start":{"line":28,"column":25},"end":{"line":28,"column":48}},"10":{"start":{"line":29,"column":21},"end":{"line":29,"column":40}},"11":{"start":{"line":31,"column":17},"end":{"line":31,"column":43}},"12":{"start":{"line":32,"column":17},"end":{"line":32,"column":43}},"13":{"start":{"line":34,"column":4},"end":{"line":34,"column":38}},"14":{"start":{"line":34,"column":31},"end":{"line":34,"column":38}},"15":{"start":{"line":35,"column":4},"end":{"line":35,"column":34}},"16":{"start":{"line":35,"column":27},"end":{"line":35,"column":34}},"17":{"start":{"line":36,"column":4},"end":{"line":36,"column":67}},"18":{"start":{"line":37,"column":4},"end":{"line":37,"column":67}},"19":{"start":{"line":38,"column":4},"end":{"line":38,"column":46}},"20":{"start":{"line":39,"column":4},"end":{"line":39,"column":59}},"21":{"start":{"line":40,"column":4},"end":{"line":40,"column":59}},"22":{"start":{"line":41,"column":4},"end":{"line":41,"column":42}},"23":{"start":{"line":44,"column":27},"end":{"line":50,"column":3}},"24":{"start":{"line":45,"column":4},"end":{"line":45,"column":65}},"25":{"start":{"line":45,"column":58},"end":{"line":45,"column":65}},"26":{"start":{"line":46,"column":25},"end":{"line":46,"column":48}},"27":{"start":{"line":47,"column":21},"end":{"line":47,"column":40}},"28":{"start":{"line":48,"column":4},"end":{"line":48,"column":45}},"29":{"start":{"line":49,"column":4},"end":{"line":49,"column":41}},"30":{"start":{"line":51,"column":23},"end":{"line":83,"column":3}},"31":{"start":{"line":52,"column":4},"end":{"line":52,"column":65}},"32":{"start":{"line":52,"column":58},"end":{"line":52,"column":65}},"33":{"start":{"line":53,"column":25},"end":{"line":53,"column":48}},"34":{"start":{"line":54,"column":21},"end":{"line":54,"column":40}},"35":{"start":{"line":56,"column":22},"end":{"line":56,"column":48}},"36":{"start":{"line":57,"column":22},"end":{"line":57,"column":48}},"37":{"start":{"line":58,"column":20},"end":{"line":58,"column":44}},"38":{"start":{"line":59,"column":20},"end":{"line":59,"column":44}},"39":{"start":{"line":60,"column":4},"end":{"line":60,"column":34}},"40":{"start":{"line":60,"column":27},"end":{"line":60,"column":34}},"41":{"start":{"line":61,"column":4},"end":{"line":61,"column":38}},"42":{"start":{"line":61,"column":31},"end":{"line":61,"column":38}},"43":{"start":{"line":63,"column":18},"end":{"line":65,"column":5}},"44":{"start":{"line":66,"column":18},"end":{"line":66,"column":61}},"45":{"start":{"line":68,"column":4},"end":{"line":82,"column":5}},"46":{"start":{"line":69,"column":16},"end":{"line":69,"column":44}},"47":{"start":{"line":70,"column":16},"end":{"line":70,"column":45}},"48":{"start":{"line":71,"column":6},"end":{"line":71,"column":37}},"49":{"start":{"line":72,"column":6},"end":{"line":72,"column":36}},"50":{"start":{"line":74,"column":6},"end":{"line":76,"column":11}},"51":{"start":{"line":77,"column":6},"end":{"line":81,"column":11}},"52":{"start":{"line":85,"column":17},"end":{"line":89,"column":3}},"53":{"start":{"line":86,"column":4},"end":{"line":88,"column":6}},"54":{"start":{"line":90,"column":17},"end":{"line":105,"column":3}},"55":{"start":{"line":94,"column":25},"end":{"line":97,"column":5}},"56":{"start":{"line":98,"column":16},"end":{"line":98,"column":34}},"57":{"start":{"line":99,"column":4},"end":{"line":101,"column":5}},"58":{"start":{"line":100,"column":6},"end":{"line":100,"column":26}},"59":{"start":{"line":102,"column":4},"end":{"line":102,"column":20}},"60":{"start":{"line":103,"column":4},"end":{"line":103,"column":20}},"61":{"start":{"line":104,"column":4},"end":{"line":104,"column":18}},"62":{"start":{"line":107,"column":35},"end":{"line":115,"column":3}},"63":{"start":{"line":108,"column":4},"end":{"line":108,"column":23}},"64":{"start":{"line":109,"column":4},"end":{"line":109,"column":28}},"65":{"start":{"line":110,"column":4},"end":{"line":113,"column":6}},"66":{"start":{"line":114,"column":4},"end":{"line":114,"column":25}},"67":{"start":{"line":117,"column":35},"end":{"line":125,"column":3}},"68":{"start":{"line":118,"column":4},"end":{"line":118,"column":23}},"69":{"start":{"line":119,"column":4},"end":{"line":122,"column":6}},"70":{"start":{"line":123,"column":4},"end":{"line":123,"column":53}},"71":{"start":{"line":124,"column":4},"end":{"line":124,"column":19}},"72":{"start":{"line":127,"column":33},"end":{"line":131,"column":3}},"73":{"start":{"line":128,"column":4},"end":{"line":128,"column":23}},"74":{"start":{"line":129,"column":4},"end":{"line":129,"column":29}},"75":{"start":{"line":130,"column":4},"end":{"line":130,"column":23}},"76":{"start":{"line":133,"column":36},"end":{"line":155,"column":3}},"77":{"start":{"line":134,"column":4},"end":{"line":134,"column":23}},"78":{"start":{"line":135,"column":4},"end":{"line":154,"column":5}},"79":{"start":{"line":136,"column":6},"end":{"line":136,"column":30}},"80":{"start":{"line":137,"column":6},"end":{"line":140,"column":8}},"81":{"start":{"line":141,"column":6},"end":{"line":141,"column":27}},"82":{"start":{"line":143,"column":6},"end":{"line":143,"column":31}},"83":{"start":{"line":144,"column":6},"end":{"line":144,"column":25}},"84":{"start":{"line":145,"column":6},"end":{"line":145,"column":54}},"85":{"start":{"line":146,"column":6},"end":{"line":149,"column":8}},"86":{"start":{"line":150,"column":6},"end":{"line":153,"column":8}},"87":{"start":{"line":157,"column":35},"end":{"line":178,"column":3}},"88":{"start":{"line":158,"column":4},"end":{"line":158,"column":23}},"89":{"start":{"line":159,"column":4},"end":{"line":177,"column":5}},"90":{"start":{"line":160,"column":6},"end":{"line":163,"column":8}},"91":{"start":{"line":164,"column":6},"end":{"line":164,"column":55}},"92":{"start":{"line":165,"column":6},"end":{"line":165,"column":21}},"93":{"start":{"line":167,"column":6},"end":{"line":167,"column":25}},"94":{"start":{"line":168,"column":21},"end":{"line":171,"column":7}},"95":{"start":{"line":172,"column":21},"end":{"line":175,"column":7}},"96":{"start":{"line":176,"column":6},"end":{"line":176,"column":78}},"97":{"start":{"line":180,"column":34},"end":{"line":190,"column":3}},"98":{"start":{"line":181,"column":4},"end":{"line":181,"column":23}},"99":{"start":{"line":182,"column":4},"end":{"line":182,"column":23}},"100":{"start":{"line":183,"column":4},"end":{"line":183,"column":29}},"101":{"start":{"line":184,"column":4},"end":{"line":189,"column":5}},"102":{"start":{"line":185,"column":6},"end":{"line":185,"column":45}},"103":{"start":{"line":186,"column":6},"end":{"line":186,"column":44}},"104":{"start":{"line":187,"column":6},"end":{"line":187,"column":49}},"105":{"start":{"line":188,"column":6},"end":{"line":188,"column":48}},"106":{"start":{"line":191,"column":2},"end":{"line":213,"column":9}},"107":{"start":{"line":192,"column":25},"end":{"line":192,"column":43}},"108":{"start":{"line":194,"column":4},"end":{"line":194,"column":73}},"109":{"start":{"line":195,"column":4},"end":{"line":195,"column":73}},"110":{"start":{"line":196,"column":4},"end":{"line":196,"column":69}},"111":{"start":{"line":199,"column":4},"end":{"line":199,"column":75}},"112":{"start":{"line":200,"column":4},"end":{"line":200,"column":73}},"113":{"start":{"line":201,"column":4},"end":{"line":201,"column":71}},"114":{"start":{"line":202,"column":4},"end":{"line":212,"column":6}},"115":{"start":{"line":204,"column":6},"end":{"line":204,"column":78}},"116":{"start":{"line":205,"column":6},"end":{"line":205,"column":78}},"117":{"start":{"line":206,"column":6},"end":{"line":206,"column":74}},"118":{"start":{"line":209,"column":6},"end":{"line":209,"column":80}},"119":{"start":{"line":210,"column":6},"end":{"line":210,"column":78}},"120":{"start":{"line":211,"column":6},"end":{"line":211,"column":76}},"121":{"start":{"line":214,"column":2},"end":{"line":229,"column":4}}},"fnMap":{"0":{"name":"Joystick","decl":{"start":{"line":12,"column":24},"end":{"line":12,"column":32}},"loc":{"start":{"line":12,"column":68},"end":{"line":230,"column":1}},"line":12},"1":{"name":"(anonymous_1)","decl":{"start":{"line":26,"column":29},"end":{"line":26,"column":30}},"loc":{"start":{"line":26,"column":35},"end":{"line":42,"column":3}},"line":26},"2":{"name":"(anonymous_2)","decl":{"start":{"line":44,"column":27},"end":{"line":44,"column":28}},"loc":{"start":{"line":44,"column":33},"end":{"line":50,"column":3}},"line":44},"3":{"name":"(anonymous_3)","decl":{"start":{"line":51,"column":23},"end":{"line":51,"column":24}},"loc":{"start":{"line":51,"column":29},"end":{"line":83,"column":3}},"line":51},"4":{"name":"(anonymous_4)","decl":{"start":{"line":85,"column":17},"end":{"line":85,"column":18}},"loc":{"start":{"line":85,"column":53},"end":{"line":89,"column":3}},"line":85},"5":{"name":"(anonymous_5)","decl":{"start":{"line":90,"column":17},"end":{"line":90,"column":18}},"loc":{"start":{"line":93,"column":13},"end":{"line":105,"column":3}},"line":93},"6":{"name":"(anonymous_6)","decl":{"start":{"line":107,"column":35},"end":{"line":107,"column":36}},"loc":{"start":{"line":107,"column":54},"end":{"line":115,"column":3}},"line":107},"7":{"name":"(anonymous_7)","decl":{"start":{"line":117,"column":35},"end":{"line":117,"column":36}},"loc":{"start":{"line":117,"column":54},"end":{"line":125,"column":3}},"line":117},"8":{"name":"(anonymous_8)","decl":{"start":{"line":127,"column":33},"end":{"line":127,"column":34}},"loc":{"start":{"line":127,"column":52},"end":{"line":131,"column":3}},"line":127},"9":{"name":"(anonymous_9)","decl":{"start":{"line":133,"column":36},"end":{"line":133,"column":37}},"loc":{"start":{"line":133,"column":55},"end":{"line":155,"column":3}},"line":133},"10":{"name":"(anonymous_10)","decl":{"start":{"line":157,"column":35},"end":{"line":157,"column":36}},"loc":{"start":{"line":157,"column":54},"end":{"line":178,"column":3}},"line":157},"11":{"name":"(anonymous_11)","decl":{"start":{"line":180,"column":34},"end":{"line":180,"column":35}},"loc":{"start":{"line":180,"column":53},"end":{"line":190,"column":3}},"line":180},"12":{"name":"(anonymous_12)","decl":{"start":{"line":191,"column":12},"end":{"line":191,"column":13}},"loc":{"start":{"line":191,"column":18},"end":{"line":213,"column":3}},"line":191},"13":{"name":"(anonymous_13)","decl":{"start":{"line":202,"column":11},"end":{"line":202,"column":12}},"loc":{"start":{"line":202,"column":17},"end":{"line":212,"column":5}},"line":202}},"branchMap":{"0":{"loc":{"start":{"line":27,"column":4},"end":{"line":27,"column":65}},"type":"if","locations":[{"start":{"line":27,"column":4},"end":{"line":27,"column":65}},{"start":{"line":27,"column":4},"end":{"line":27,"column":65}}],"line":27},"1":{"loc":{"start":{"line":27,"column":8},"end":{"line":27,"column":56}},"type":"binary-expr","locations":[{"start":{"line":27,"column":8},"end":{"line":27,"column":28}},{"start":{"line":27,"column":32},"end":{"line":27,"column":56}}],"line":27},"2":{"loc":{"start":{"line":34,"column":4},"end":{"line":34,"column":38}},"type":"if","locations":[{"start":{"line":34,"column":4},"end":{"line":34,"column":38}},{"start":{"line":34,"column":4},"end":{"line":34,"column":38}}],"line":34},"3":{"loc":{"start":{"line":35,"column":4},"end":{"line":35,"column":34}},"type":"if","locations":[{"start":{"line":35,"column":4},"end":{"line":35,"column":34}},{"start":{"line":35,"column":4},"end":{"line":35,"column":34}}],"line":35},"4":{"loc":{"start":{"line":45,"column":4},"end":{"line":45,"column":65}},"type":"if","locations":[{"start":{"line":45,"column":4},"end":{"line":45,"column":65}},{"start":{"line":45,"column":4},"end":{"line":45,"column":65}}],"line":45},"5":{"loc":{"start":{"line":45,"column":8},"end":{"line":45,"column":56}},"type":"binary-expr","locations":[{"start":{"line":45,"column":8},"end":{"line":45,"column":28}},{"start":{"line":45,"column":32},"end":{"line":45,"column":56}}],"line":45},"6":{"loc":{"start":{"line":52,"column":4},"end":{"line":52,"column":65}},"type":"if","locations":[{"start":{"line":52,"column":4},"end":{"line":52,"column":65}},{"start":{"line":52,"column":4},"end":{"line":52,"column":65}}],"line":52},"7":{"loc":{"start":{"line":52,"column":8},"end":{"line":52,"column":56}},"type":"binary-expr","locations":[{"start":{"line":52,"column":8},"end":{"line":52,"column":28}},{"start":{"line":52,"column":32},"end":{"line":52,"column":56}}],"line":52},"8":{"loc":{"start":{"line":60,"column":4},"end":{"line":60,"column":34}},"type":"if","locations":[{"start":{"line":60,"column":4},"end":{"line":60,"column":34}},{"start":{"line":60,"column":4},"end":{"line":60,"column":34}}],"line":60},"9":{"loc":{"start":{"line":61,"column":4},"end":{"line":61,"column":38}},"type":"if","locations":[{"start":{"line":61,"column":4},"end":{"line":61,"column":38}},{"start":{"line":61,"column":4},"end":{"line":61,"column":38}}],"line":61},"10":{"loc":{"start":{"line":68,"column":4},"end":{"line":82,"column":5}},"type":"if","locations":[{"start":{"line":68,"column":4},"end":{"line":82,"column":5}},{"start":{"line":68,"column":4},"end":{"line":82,"column":5}}],"line":68},"11":{"loc":{"start":{"line":91,"column":4},"end":{"line":91,"column":39}},"type":"default-arg","locations":[{"start":{"line":91,"column":17},"end":{"line":91,"column":39}}],"line":91},"12":{"loc":{"start":{"line":92,"column":4},"end":{"line":92,"column":41}},"type":"default-arg","locations":[{"start":{"line":92,"column":17},"end":{"line":92,"column":41}}],"line":92},"13":{"loc":{"start":{"line":99,"column":4},"end":{"line":101,"column":5}},"type":"if","locations":[{"start":{"line":99,"column":4},"end":{"line":101,"column":5}},{"start":{"line":99,"column":4},"end":{"line":101,"column":5}}],"line":99},"14":{"loc":{"start":{"line":135,"column":4},"end":{"line":154,"column":5}},"type":"if","locations":[{"start":{"line":135,"column":4},"end":{"line":154,"column":5}},{"start":{"line":135,"column":4},"end":{"line":154,"column":5}}],"line":135},"15":{"loc":{"start":{"line":159,"column":4},"end":{"line":177,"column":5}},"type":"if","locations":[{"start":{"line":159,"column":4},"end":{"line":177,"column":5}},{"start":{"line":159,"column":4},"end":{"line":177,"column":5}}],"line":159},"16":{"loc":{"start":{"line":184,"column":4},"end":{"line":189,"column":5}},"type":"if","locations":[{"start":{"line":184,"column":4},"end":{"line":189,"column":5}},{"start":{"line":184,"column":4},"end":{"line":189,"column":5}}],"line":184},"17":{"loc":{"start":{"line":184,"column":8},"end":{"line":184,"column":54}},"type":"binary-expr","locations":[{"start":{"line":184,"column":8},"end":{"line":184,"column":27}},{"start":{"line":184,"column":31},"end":{"line":184,"column":54}}],"line":184}},"s":{"0":6,"1":6,"2":6,"3":6,"4":6,"5":6,"6":6,"7":4,"8":0,"9":4,"10":4,"11":4,"12":4,"13":4,"14":0,"15":4,"16":0,"17":4,"18":4,"19":4,"20":4,"21":4,"22":4,"23":6,"24":1,"25":0,"26":1,"27":1,"28":1,"29":1,"30":6,"31":4,"32":0,"33":4,"34":4,"35":4,"36":4,"37":4,"38":4,"39":4,"40":0,"41":4,"42":0,"43":4,"44":4,"45":4,"46":2,"47":2,"48":2,"49":2,"50":2,"51":2,"52":6,"53":6,"54":6,"55":4,"56":4,"57":4,"58":0,"59":4,"60":4,"61":4,"62":6,"63":2,"64":2,"65":2,"66":2,"67":6,"68":2,"69":2,"70":2,"71":2,"72":6,"73":0,"74":0,"75":0,"76":6,"77":2,"78":2,"79":2,"80":2,"81":2,"82":0,"83":0,"84":0,"85":0,"86":0,"87":6,"88":3,"89":3,"90":2,"91":2,"92":2,"93":1,"94":1,"95":1,"96":1,"97":6,"98":0,"99":0,"100":0,"101":0,"102":0,"103":0,"104":0,"105":0,"106":6,"107":6,"108":6,"109":6,"110":6,"111":6,"112":6,"113":6,"114":6,"115":6,"116":6,"117":6,"118":6,"119":6,"120":6,"121":6},"f":{"0":6,"1":4,"2":1,"3":4,"4":6,"5":4,"6":2,"7":2,"8":0,"9":2,"10":3,"11":0,"12":6,"13":6},"b":{"0":[0,4],"1":[4,4],"2":[0,4],"3":[0,4],"4":[0,1],"5":[1,1],"6":[0,4],"7":[4,4],"8":[0,4],"9":[0,4],"10":[2,2],"11":[4],"12":[4],"13":[0,4],"14":[2,0],"15":[2,1],"16":[0,0],"17":[0,0]},"_coverageSchema":"1a1c01bbd47fc00a2c39e90264f33305004495a9","hash":"e299076a97fbd6944fc7caef38346d47190c9e5e"}
,"/Users/honlee/Desktop/under5/VoiceSpace/front/src/components/MicOnOff.tsx": {"path":"/Users/honlee/Desktop/under5/VoiceSpace/front/src/components/MicOnOff.tsx","statementMap":{"0":{"start":{"line":9,"column":24},"end":{"line":9,"column":38}},"1":{"start":{"line":10,"column":18},"end":{"line":13,"column":3}},"2":{"start":{"line":11,"column":4},"end":{"line":11,"column":17}},"3":{"start":{"line":12,"column":4},"end":{"line":12,"column":27}},"4":{"start":{"line":14,"column":2},"end":{"line":22,"column":4}}},"fnMap":{"0":{"name":"MicOnOff","decl":{"start":{"line":8,"column":9},"end":{"line":8,"column":17}},"loc":{"start":{"line":8,"column":53},"end":{"line":23,"column":1}},"line":8},"1":{"name":"(anonymous_1)","decl":{"start":{"line":10,"column":18},"end":{"line":10,"column":19}},"loc":{"start":{"line":10,"column":24},"end":{"line":13,"column":3}},"line":10}},"branchMap":{"0":{"loc":{"start":{"line":16,"column":7},"end":{"line":20,"column":7}},"type":"cond-expr","locations":[{"start":{"line":17,"column":8},"end":{"line":17,"column":69}},{"start":{"line":19,"column":8},"end":{"line":19,"column":74}}],"line":16}},"s":{"0":5,"1":5,"2":3,"3":3,"4":5},"f":{"0":5,"1":3},"b":{"0":[3,2]},"_coverageSchema":"1a1c01bbd47fc00a2c39e90264f33305004495a9","hash":"059c927bb08a408288d52693c067d13e5d4e3df8"}
,"/Users/honlee/Desktop/under5/VoiceSpace/front/src/components/MoreInfo.tsx": {"path":"/Users/honlee/Desktop/under5/VoiceSpace/front/src/components/MoreInfo.tsx","statementMap":{"0":{"start":{"line":10,"column":2},"end":{"line":16,"column":4}}},"fnMap":{"0":{"name":"MoreInfo","decl":{"start":{"line":9,"column":9},"end":{"line":9,"column":17}},"loc":{"start":{"line":9,"column":53},"end":{"line":17,"column":1}},"line":9}},"branchMap":{},"s":{"0":2},"f":{"0":2},"b":{},"_coverageSchema":"1a1c01bbd47fc00a2c39e90264f33305004495a9","hash":"2bf252afa873236444a0ffdb5fe6c76b60f03225"}
,"/Users/honlee/Desktop/under5/VoiceSpace/front/src/components/Navigation.tsx": {"path":"/Users/honlee/Desktop/under5/VoiceSpace/front/src/components/Navigation.tsx","statementMap":{"0":{"start":{"line":20,"column":15},"end":{"line":23,"column":3}},"1":{"start":{"line":21,"column":4},"end":{"line":21,"column":30}},"2":{"start":{"line":22,"column":4},"end":{"line":22,"column":21}},"3":{"start":{"line":25,"column":22},"end":{"line":27,"column":3}},"4":{"start":{"line":26,"column":4},"end":{"line":26,"column":45}},"5":{"start":{"line":28,"column":20},"end":{"line":30,"column":3}},"6":{"start":{"line":29,"column":4},"end":{"line":29,"column":41}},"7":{"start":{"line":31,"column":21},"end":{"line":33,"column":3}},"8":{"start":{"line":32,"column":4},"end":{"line":32,"column":69}},"9":{"start":{"line":34,"column":17},"end":{"line":36,"column":3}},"10":{"start":{"line":35,"column":4},"end":{"line":35,"column":36}},"11":{"start":{"line":38,"column":2},"end":{"line":60,"column":4}}},"fnMap":{"0":{"name":"Navigation","decl":{"start":{"line":19,"column":9},"end":{"line":19,"column":19}},"loc":{"start":{"line":19,"column":57},"end":{"line":61,"column":1}},"line":19},"1":{"name":"(anonymous_1)","decl":{"start":{"line":20,"column":15},"end":{"line":20,"column":16}},"loc":{"start":{"line":20,"column":21},"end":{"line":23,"column":3}},"line":20},"2":{"name":"(anonymous_2)","decl":{"start":{"line":25,"column":22},"end":{"line":25,"column":23}},"loc":{"start":{"line":25,"column":50},"end":{"line":27,"column":3}},"line":25},"3":{"name":"(anonymous_3)","decl":{"start":{"line":28,"column":20},"end":{"line":28,"column":21}},"loc":{"start":{"line":28,"column":55},"end":{"line":30,"column":3}},"line":28},"4":{"name":"(anonymous_4)","decl":{"start":{"line":31,"column":21},"end":{"line":31,"column":22}},"loc":{"start":{"line":31,"column":46},"end":{"line":33,"column":3}},"line":31},"5":{"name":"(anonymous_5)","decl":{"start":{"line":34,"column":17},"end":{"line":34,"column":18}},"loc":{"start":{"line":34,"column":23},"end":{"line":36,"column":3}},"line":34}},"branchMap":{},"s":{"0":0,"1":0,"2":0,"3":0,"4":0,"5":0,"6":0,"7":0,"8":0,"9":0,"10":0,"11":0},"f":{"0":0,"1":0,"2":0,"3":0,"4":0,"5":0},"b":{}}
,"/Users/honlee/Desktop/under5/VoiceSpace/front/src/components/Options.tsx": {"path":"/Users/honlee/Desktop/under5/VoiceSpace/front/src/components/Options.tsx","statementMap":{"0":{"start":{"line":6,"column":18},"end":{"line":17,"column":3}},"1":{"start":{"line":7,"column":4},"end":{"line":16,"column":6}},"2":{"start":{"line":18,"column":2},"end":{"line":24,"column":4}},"3":{"start":{"line":20,"column":53},"end":{"line":20,"column":71}}},"fnMap":{"0":{"name":"Options","decl":{"start":{"line":5,"column":9},"end":{"line":5,"column":16}},"loc":{"start":{"line":5,"column":32},"end":{"line":25,"column":1}},"line":5},"1":{"name":"(anonymous_1)","decl":{"start":{"line":6,"column":18},"end":{"line":6,"column":19}},"loc":{"start":{"line":6,"column":24},"end":{"line":17,"column":3}},"line":6},"2":{"name":"(anonymous_2)","decl":{"start":{"line":20,"column":48},"end":{"line":20,"column":49}},"loc":{"start":{"line":20,"column":53},"end":{"line":20,"column":71}},"line":20}},"branchMap":{},"s":{"0":0,"1":0,"2":0,"3":0},"f":{"0":0,"1":0,"2":0},"b":{}}
,"/Users/honlee/Desktop/under5/VoiceSpace/front/src/components/Panel.tsx": {"path":"/Users/honlee/Desktop/under5/VoiceSpace/front/src/components/Panel.tsx","statementMap":{"0":{"start":{"line":12,"column":2},"end":{"line":29,"column":4}},"1":{"start":{"line":33,"column":2},"end":{"line":43,"column":4}},"2":{"start":{"line":38,"column":22},"end":{"line":38,"column":40}}},"fnMap":{"0":{"name":"PanelDropDown","decl":{"start":{"line":11,"column":16},"end":{"line":11,"column":29}},"loc":{"start":{"line":11,"column":62},"end":{"line":30,"column":1}},"line":11},"1":{"name":"Panel","decl":{"start":{"line":32,"column":9},"end":{"line":32,"column":14}},"loc":{"start":{"line":32,"column":47},"end":{"line":44,"column":1}},"line":32},"2":{"name":"(anonymous_2)","decl":{"start":{"line":38,"column":17},"end":{"line":38,"column":18}},"loc":{"start":{"line":38,"column":22},"end":{"line":38,"column":40}},"line":38}},"branchMap":{},"s":{"0":2,"1":1,"2":1},"f":{"0":2,"1":1,"2":1},"b":{},"_coverageSchema":"1a1c01bbd47fc00a2c39e90264f33305004495a9","hash":"7b94807e990d0fb3efda58c1bfc87ff3b5dbcf80"}
,"/Users/honlee/Desktop/under5/VoiceSpace/front/src/components/Profile.tsx": {"path":"/Users/honlee/Desktop/under5/VoiceSpace/front/src/components/Profile.tsx","statementMap":{"0":{"start":{"line":19,"column":40},"end":{"line":19,"column":64}},"1":{"start":{"line":20,"column":36},"end":{"line":20,"column":58}},"2":{"start":{"line":21,"column":26},"end":{"line":21,"column":47}},"3":{"start":{"line":23,"column":26},"end":{"line":25,"column":3}},"4":{"start":{"line":24,"column":4},"end":{"line":24,"column":35}},"5":{"start":{"line":26,"column":22},"end":{"line":32,"column":3}},"6":{"start":{"line":27,"column":4},"end":{"line":31,"column":7}},"7":{"start":{"line":28,"column":22},"end":{"line":28,"column":38}},"8":{"start":{"line":29,"column":6},"end":{"line":29,"column":57}},"9":{"start":{"line":29,"column":25},"end":{"line":29,"column":57}},"10":{"start":{"line":30,"column":6},"end":{"line":30,"column":23}},"11":{"start":{"line":33,"column":23},"end":{"line":39,"column":3}},"12":{"start":{"line":34,"column":4},"end":{"line":38,"column":7}},"13":{"start":{"line":35,"column":22},"end":{"line":35,"column":38}},"14":{"start":{"line":36,"column":6},"end":{"line":36,"column":54}},"15":{"start":{"line":36,"column":40},"end":{"line":36,"column":54}},"16":{"start":{"line":37,"column":6},"end":{"line":37,"column":23}},"17":{"start":{"line":40,"column":31},"end":{"line":47,"column":3}},"18":{"start":{"line":41,"column":23},"end":{"line":41,"column":34}},"19":{"start":{"line":42,"column":4},"end":{"line":44,"column":5}},"20":{"start":{"line":43,"column":6},"end":{"line":43,"column":74}},"21":{"start":{"line":45,"column":4},"end":{"line":45,"column":31}},"22":{"start":{"line":46,"column":4},"end":{"line":46,"column":36}},"23":{"start":{"line":48,"column":2},"end":{"line":96,"column":4}},"24":{"start":{"line":100,"column":34},"end":{"line":100,"column":58}},"25":{"start":{"line":101,"column":30},"end":{"line":101,"column":52}},"26":{"start":{"line":103,"column":25},"end":{"line":106,"column":3}},"27":{"start":{"line":104,"column":4},"end":{"line":104,"column":32}},"28":{"start":{"line":105,"column":4},"end":{"line":105,"column":26}},"29":{"start":{"line":107,"column":23},"end":{"line":110,"column":3}},"30":{"start":{"line":108,"column":4},"end":{"line":108,"column":28}},"31":{"start":{"line":109,"column":4},"end":{"line":109,"column":22}},"32":{"start":{"line":111,"column":45},"end":{"line":116,"column":3}},"33":{"start":{"line":118,"column":2},"end":{"line":132,"column":4}},"34":{"start":{"line":127,"column":22},"end":{"line":127,"column":40}}},"fnMap":{"0":{"name":"ProfileDropDown","decl":{"start":{"line":18,"column":16},"end":{"line":18,"column":31}},"loc":{"start":{"line":18,"column":66},"end":{"line":97,"column":1}},"line":18},"1":{"name":"(anonymous_1)","decl":{"start":{"line":23,"column":26},"end":{"line":23,"column":27}},"loc":{"start":{"line":23,"column":70},"end":{"line":25,"column":3}},"line":23},"2":{"name":"(anonymous_2)","decl":{"start":{"line":26,"column":22},"end":{"line":26,"column":23}},"loc":{"start":{"line":26,"column":28},"end":{"line":32,"column":3}},"line":26},"3":{"name":"(anonymous_3)","decl":{"start":{"line":27,"column":17},"end":{"line":27,"column":18}},"loc":{"start":{"line":27,"column":33},"end":{"line":31,"column":5}},"line":27},"4":{"name":"(anonymous_4)","decl":{"start":{"line":33,"column":23},"end":{"line":33,"column":24}},"loc":{"start":{"line":33,"column":29},"end":{"line":39,"column":3}},"line":33},"5":{"name":"(anonymous_5)","decl":{"start":{"line":34,"column":17},"end":{"line":34,"column":18}},"loc":{"start":{"line":34,"column":33},"end":{"line":38,"column":5}},"line":34},"6":{"name":"(anonymous_6)","decl":{"start":{"line":40,"column":31},"end":{"line":40,"column":32}},"loc":{"start":{"line":40,"column":37},"end":{"line":47,"column":3}},"line":40},"7":{"name":"Profile","decl":{"start":{"line":99,"column":9},"end":{"line":99,"column":16}},"loc":{"start":{"line":99,"column":51},"end":{"line":133,"column":1}},"line":99},"8":{"name":"(anonymous_8)","decl":{"start":{"line":103,"column":25},"end":{"line":103,"column":26}},"loc":{"start":{"line":103,"column":53},"end":{"line":106,"column":3}},"line":103},"9":{"name":"(anonymous_9)","decl":{"start":{"line":107,"column":23},"end":{"line":107,"column":24}},"loc":{"start":{"line":107,"column":58},"end":{"line":110,"column":3}},"line":107},"10":{"name":"(anonymous_10)","decl":{"start":{"line":127,"column":17},"end":{"line":127,"column":18}},"loc":{"start":{"line":127,"column":22},"end":{"line":127,"column":40}},"line":127}},"branchMap":{"0":{"loc":{"start":{"line":29,"column":6},"end":{"line":29,"column":57}},"type":"if","locations":[{"start":{"line":29,"column":6},"end":{"line":29,"column":57}},{"start":{"line":29,"column":6},"end":{"line":29,"column":57}}],"line":29},"1":{"loc":{"start":{"line":36,"column":6},"end":{"line":36,"column":54}},"type":"if","locations":[{"start":{"line":36,"column":6},"end":{"line":36,"column":54}},{"start":{"line":36,"column":6},"end":{"line":36,"column":54}}],"line":36},"2":{"loc":{"start":{"line":42,"column":4},"end":{"line":44,"column":5}},"type":"if","locations":[{"start":{"line":42,"column":4},"end":{"line":44,"column":5}},{"start":{"line":42,"column":4},"end":{"line":44,"column":5}}],"line":42}},"s":{"0":15,"1":15,"2":15,"3":15,"4":4,"5":15,"6":2,"7":2,"8":2,"9":1,"10":2,"11":15,"12":2,"13":2,"14":2,"15":2,"16":2,"17":15,"18":1,"19":1,"20":0,"21":1,"22":1,"23":15,"24":2,"25":2,"26":2,"27":0,"28":0,"29":2,"30":0,"31":0,"32":2,"33":2,"34":1},"f":{"0":15,"1":4,"2":2,"3":2,"4":2,"5":2,"6":1,"7":2,"8":0,"9":0,"10":1},"b":{"0":[1,1],"1":[2,0],"2":[0,1]},"_coverageSchema":"1a1c01bbd47fc00a2c39e90264f33305004495a9","hash":"055ec6302c6b8c7166a97b2b3eca4d3921cad14d"}
,"/Users/honlee/Desktop/under5/VoiceSpace/front/src/components/ScreenShare.tsx": {"path":"/Users/honlee/Desktop/under5/VoiceSpace/front/src/components/ScreenShare.tsx","statementMap":{"0":{"start":{"line":7,"column":22},"end":{"line":18,"column":3}},"1":{"start":{"line":8,"column":4},"end":{"line":17,"column":6}},"2":{"start":{"line":19,"column":2},"end":{"line":25,"column":4}},"3":{"start":{"line":21,"column":53},"end":{"line":21,"column":71}}},"fnMap":{"0":{"name":"ScreenShare","decl":{"start":{"line":6,"column":9},"end":{"line":6,"column":20}},"loc":{"start":{"line":6,"column":36},"end":{"line":26,"column":1}},"line":6},"1":{"name":"(anonymous_1)","decl":{"start":{"line":7,"column":22},"end":{"line":7,"column":23}},"loc":{"start":{"line":7,"column":28},"end":{"line":18,"column":3}},"line":7},"2":{"name":"(anonymous_2)","decl":{"start":{"line":21,"column":48},"end":{"line":21,"column":49}},"loc":{"start":{"line":21,"column":53},"end":{"line":21,"column":71}},"line":21}},"branchMap":{},"s":{"0":0,"1":0,"2":0,"3":0},"f":{"0":0,"1":0,"2":0},"b":{}}
,"/Users/honlee/Desktop/under5/VoiceSpace/front/src/components/SpaceCanvas.tsx": {"path":"/Users/honlee/Desktop/under5/VoiceSpace/front/src/components/SpaceCanvas.tsx","statementMap":{"0":{"start":{"line":17,"column":2},"end":{"line":17,"column":39}},"1":{"start":{"line":17,"column":30},"end":{"line":17,"column":39}},"2":{"start":{"line":18,"column":2},"end":{"line":18,"column":73}},"3":{"start":{"line":22,"column":2},"end":{"line":22,"column":43}},"4":{"start":{"line":22,"column":30},"end":{"line":22,"column":43}},"5":{"start":{"line":23,"column":2},"end":{"line":23,"column":67}},"6":{"start":{"line":23,"column":55},"end":{"line":23,"column":67}},"7":{"start":{"line":24,"column":2},"end":{"line":24,"column":15}},"8":{"start":{"line":29,"column":38},"end":{"line":32,"column":4}},"9":{"start":{"line":33,"column":34},"end":{"line":33,"column":65}},"10":{"start":{"line":34,"column":20},"end":{"line":34,"column":51}},"11":{"start":{"line":37,"column":22},"end":{"line":39,"column":3}},"12":{"start":{"line":38,"column":4},"end":{"line":38,"column":45}},"13":{"start":{"line":41,"column":43},"end":{"line":43,"column":3}},"14":{"start":{"line":42,"column":4},"end":{"line":42,"column":61}},"15":{"start":{"line":45,"column":32},"end":{"line":49,"column":3}},"16":{"start":{"line":46,"column":4},"end":{"line":48,"column":5}},"17":{"start":{"line":47,"column":6},"end":{"line":47,"column":44}},"18":{"start":{"line":51,"column":25},"end":{"line":56,"column":3}},"19":{"start":{"line":52,"column":4},"end":{"line":54,"column":5}},"20":{"start":{"line":53,"column":6},"end":{"line":53,"column":35}},"21":{"start":{"line":55,"column":4},"end":{"line":55,"column":13}},"22":{"start":{"line":58,"column":2},"end":{"line":89,"column":9}},"23":{"start":{"line":59,"column":4},"end":{"line":62,"column":5}},"24":{"start":{"line":60,"column":6},"end":{"line":60,"column":52}},"25":{"start":{"line":61,"column":6},"end":{"line":61,"column":13}},"26":{"start":{"line":63,"column":19},"end":{"line":63,"column":36}},"27":{"start":{"line":64,"column":15},"end":{"line":64,"column":41}},"28":{"start":{"line":65,"column":4},"end":{"line":68,"column":5}},"29":{"start":{"line":66,"column":6},"end":{"line":66,"column":46}},"30":{"start":{"line":67,"column":6},"end":{"line":67,"column":13}},"31":{"start":{"line":69,"column":30},"end":{"line":69,"column":70}},"32":{"start":{"line":70,"column":21},"end":{"line":78,"column":5}},"33":{"start":{"line":79,"column":4},"end":{"line":79,"column":26}},"34":{"start":{"line":81,"column":31},"end":{"line":83,"column":5}},"35":{"start":{"line":82,"column":6},"end":{"line":82,"column":40}},"36":{"start":{"line":84,"column":4},"end":{"line":84,"column":25}},"37":{"start":{"line":85,"column":4},"end":{"line":85,"column":58}},"38":{"start":{"line":86,"column":4},"end":{"line":88,"column":6}},"39":{"start":{"line":87,"column":6},"end":{"line":87,"column":63}},"40":{"start":{"line":91,"column":2},"end":{"line":114,"column":19}},"41":{"start":{"line":92,"column":4},"end":{"line":94,"column":5}},"42":{"start":{"line":93,"column":6},"end":{"line":93,"column":13}},"43":{"start":{"line":95,"column":24},"end":{"line":95,"column":41}},"44":{"start":{"line":98,"column":29},"end":{"line":112,"column":5}},"45":{"start":{"line":99,"column":6},"end":{"line":99,"column":64}},"46":{"start":{"line":100,"column":6},"end":{"line":100,"column":38}},"47":{"start":{"line":102,"column":6},"end":{"line":102,"column":41}},"48":{"start":{"line":103,"column":19},"end":{"line":103,"column":62}},"49":{"start":{"line":104,"column":6},"end":{"line":108,"column":9}},"50":{"start":{"line":105,"column":8},"end":{"line":105,"column":62}},"51":{"start":{"line":105,"column":43},"end":{"line":105,"column":62}},"52":{"start":{"line":106,"column":8},"end":{"line":106,"column":44}},"53":{"start":{"line":107,"column":8},"end":{"line":107,"column":59}},"54":{"start":{"line":109,"column":6},"end":{"line":109,"column":62}},"55":{"start":{"line":110,"column":6},"end":{"line":110,"column":64}},"56":{"start":{"line":111,"column":6},"end":{"line":111,"column":46}},"57":{"start":{"line":113,"column":4},"end":{"line":113,"column":44}},"58":{"start":{"line":116,"column":2},"end":{"line":132,"column":4}}},"fnMap":{"0":{"name":"getPercentageFromLoadStatus","decl":{"start":{"line":16,"column":9},"end":{"line":16,"column":36}},"loc":{"start":{"line":16,"column":70},"end":{"line":19,"column":1}},"line":16},"1":{"name":"isLoading","decl":{"start":{"line":21,"column":9},"end":{"line":21,"column":18}},"loc":{"start":{"line":21,"column":53},"end":{"line":25,"column":1}},"line":21},"2":{"name":"SpaceCanvas","decl":{"start":{"line":27,"column":9},"end":{"line":27,"column":20}},"loc":{"start":{"line":27,"column":59},"end":{"line":133,"column":1}},"line":27},"3":{"name":"(anonymous_3)","decl":{"start":{"line":37,"column":22},"end":{"line":37,"column":23}},"loc":{"start":{"line":37,"column":45},"end":{"line":39,"column":3}},"line":37},"4":{"name":"(anonymous_4)","decl":{"start":{"line":41,"column":43},"end":{"line":41,"column":44}},"loc":{"start":{"line":41,"column":58},"end":{"line":43,"column":3}},"line":41},"5":{"name":"(anonymous_5)","decl":{"start":{"line":45,"column":32},"end":{"line":45,"column":33}},"loc":{"start":{"line":45,"column":51},"end":{"line":49,"column":3}},"line":45},"6":{"name":"(anonymous_6)","decl":{"start":{"line":51,"column":25},"end":{"line":51,"column":26}},"loc":{"start":{"line":51,"column":39},"end":{"line":56,"column":3}},"line":51},"7":{"name":"(anonymous_7)","decl":{"start":{"line":58,"column":12},"end":{"line":58,"column":13}},"loc":{"start":{"line":58,"column":18},"end":{"line":89,"column":3}},"line":58},"8":{"name":"(anonymous_8)","decl":{"start":{"line":81,"column":31},"end":{"line":81,"column":32}},"loc":{"start":{"line":81,"column":37},"end":{"line":83,"column":5}},"line":81},"9":{"name":"(anonymous_9)","decl":{"start":{"line":86,"column":11},"end":{"line":86,"column":12}},"loc":{"start":{"line":86,"column":17},"end":{"line":88,"column":5}},"line":86},"10":{"name":"(anonymous_10)","decl":{"start":{"line":91,"column":12},"end":{"line":91,"column":13}},"loc":{"start":{"line":91,"column":18},"end":{"line":114,"column":3}},"line":91},"11":{"name":"(anonymous_11)","decl":{"start":{"line":98,"column":29},"end":{"line":98,"column":30}},"loc":{"start":{"line":98,"column":35},"end":{"line":112,"column":5}},"line":98},"12":{"name":"(anonymous_12)","decl":{"start":{"line":104,"column":32},"end":{"line":104,"column":33}},"loc":{"start":{"line":104,"column":40},"end":{"line":108,"column":7}},"line":104}},"branchMap":{"0":{"loc":{"start":{"line":17,"column":2},"end":{"line":17,"column":39}},"type":"if","locations":[{"start":{"line":17,"column":2},"end":{"line":17,"column":39}},{"start":{"line":17,"column":2},"end":{"line":17,"column":39}}],"line":17},"1":{"loc":{"start":{"line":22,"column":2},"end":{"line":22,"column":43}},"type":"if","locations":[{"start":{"line":22,"column":2},"end":{"line":22,"column":43}},{"start":{"line":22,"column":2},"end":{"line":22,"column":43}}],"line":22},"2":{"loc":{"start":{"line":23,"column":2},"end":{"line":23,"column":67}},"type":"if","locations":[{"start":{"line":23,"column":2},"end":{"line":23,"column":67}},{"start":{"line":23,"column":2},"end":{"line":23,"column":67}}],"line":23},"3":{"loc":{"start":{"line":46,"column":4},"end":{"line":48,"column":5}},"type":"if","locations":[{"start":{"line":46,"column":4},"end":{"line":48,"column":5}},{"start":{"line":46,"column":4},"end":{"line":48,"column":5}}],"line":46},"4":{"loc":{"start":{"line":52,"column":4},"end":{"line":54,"column":5}},"type":"if","locations":[{"start":{"line":52,"column":4},"end":{"line":54,"column":5}},{"start":{"line":52,"column":4},"end":{"line":54,"column":5}}],"line":52},"5":{"loc":{"start":{"line":59,"column":4},"end":{"line":62,"column":5}},"type":"if","locations":[{"start":{"line":59,"column":4},"end":{"line":62,"column":5}},{"start":{"line":59,"column":4},"end":{"line":62,"column":5}}],"line":59},"6":{"loc":{"start":{"line":65,"column":4},"end":{"line":68,"column":5}},"type":"if","locations":[{"start":{"line":65,"column":4},"end":{"line":68,"column":5}},{"start":{"line":65,"column":4},"end":{"line":68,"column":5}}],"line":65},"7":{"loc":{"start":{"line":92,"column":4},"end":{"line":94,"column":5}},"type":"if","locations":[{"start":{"line":92,"column":4},"end":{"line":94,"column":5}},{"start":{"line":92,"column":4},"end":{"line":94,"column":5}}],"line":92},"8":{"loc":{"start":{"line":92,"column":8},"end":{"line":92,"column":43}},"type":"binary-expr","locations":[{"start":{"line":92,"column":8},"end":{"line":92,"column":30}},{"start":{"line":92,"column":34},"end":{"line":92,"column":43}}],"line":92},"9":{"loc":{"start":{"line":105,"column":8},"end":{"line":105,"column":62}},"type":"if","locations":[{"start":{"line":105,"column":8},"end":{"line":105,"column":62}},{"start":{"line":105,"column":8},"end":{"line":105,"column":62}}],"line":105},"10":{"loc":{"start":{"line":119,"column":7},"end":{"line":127,"column":14}},"type":"cond-expr","locations":[{"start":{"line":120,"column":8},"end":{"line":126,"column":10}},{"start":{"line":127,"column":10},"end":{"line":127,"column":14}}],"line":119},"11":{"loc":{"start":{"line":128,"column":7},"end":{"line":130,"column":14}},"type":"cond-expr","locations":[{"start":{"line":129,"column":8},"end":{"line":129,"column":73}},{"start":{"line":130,"column":10},"end":{"line":130,"column":14}}],"line":128}},"s":{"0":0,"1":0,"2":0,"3":0,"4":0,"5":0,"6":0,"7":0,"8":0,"9":0,"10":0,"11":0,"12":0,"13":0,"14":0,"15":0,"16":0,"17":0,"18":0,"19":0,"20":0,"21":0,"22":0,"23":0,"24":0,"25":0,"26":0,"27":0,"28":0,"29":0,"30":0,"31":0,"32":0,"33":0,"34":0,"35":0,"36":0,"37":0,"38":0,"39":0,"40":0,"41":0,"42":0,"43":0,"44":0,"45":0,"46":0,"47":0,"48":0,"49":0,"50":0,"51":0,"52":0,"53":0,"54":0,"55":0,"56":0,"57":0,"58":0},"f":{"0":0,"1":0,"2":0,"3":0,"4":0,"5":0,"6":0,"7":0,"8":0,"9":0,"10":0,"11":0,"12":0},"b":{"0":[0,0],"1":[0,0],"2":[0,0],"3":[0,0],"4":[0,0],"5":[0,0],"6":[0,0],"7":[0,0],"8":[0,0],"9":[0,0],"10":[0,0],"11":[0,0]}}
,"/Users/honlee/Desktop/under5/VoiceSpace/front/src/components/Welcome.tsx": {"path":"/Users/honlee/Desktop/under5/VoiceSpace/front/src/components/Welcome.tsx","statementMap":{"0":{"start":{"line":9,"column":2},"end":{"line":22,"column":4}}},"fnMap":{"0":{"name":"Welcome","decl":{"start":{"line":8,"column":9},"end":{"line":8,"column":16}},"loc":{"start":{"line":8,"column":51},"end":{"line":23,"column":1}},"line":8}},"branchMap":{},"s":{"0":2},"f":{"0":2},"b":{},"_coverageSchema":"1a1c01bbd47fc00a2c39e90264f33305004495a9","hash":"2bad7023edfd637f187b16b61008ca01a8402ae3"}
,"/Users/honlee/Desktop/under5/VoiceSpace/front/src/pages/homePage/Home.tsx": {"path":"/Users/honlee/Desktop/under5/VoiceSpace/front/src/pages/homePage/Home.tsx","statementMap":{"0":{"start":{"line":12,"column":25},"end":{"line":14,"column":3}},"1":{"start":{"line":13,"column":4},"end":{"line":13,"column":50}},"2":{"start":{"line":16,"column":26},"end":{"line":18,"column":3}},"3":{"start":{"line":17,"column":4},"end":{"line":17,"column":63}},"4":{"start":{"line":20,"column":19},"end":{"line":22,"column":3}},"5":{"start":{"line":21,"column":4},"end":{"line":21,"column":41}},"6":{"start":{"line":24,"column":2},"end":{"line":49,"column":4}}},"fnMap":{"0":{"name":"Home","decl":{"start":{"line":11,"column":9},"end":{"line":11,"column":13}},"loc":{"start":{"line":11,"column":55},"end":{"line":50,"column":1}},"line":11},"1":{"name":"(anonymous_1)","decl":{"start":{"line":12,"column":25},"end":{"line":12,"column":26}},"loc":{"start":{"line":12,"column":45},"end":{"line":14,"column":3}},"line":12},"2":{"name":"(anonymous_2)","decl":{"start":{"line":16,"column":26},"end":{"line":16,"column":27}},"loc":{"start":{"line":16,"column":32},"end":{"line":18,"column":3}},"line":16},"3":{"name":"(anonymous_3)","decl":{"start":{"line":20,"column":19},"end":{"line":20,"column":20}},"loc":{"start":{"line":20,"column":25},"end":{"line":22,"column":3}},"line":20}},"branchMap":{},"s":{"0":1,"1":0,"2":1,"3":0,"4":1,"5":0,"6":1},"f":{"0":1,"1":0,"2":0,"3":0},"b":{},"_coverageSchema":"1a1c01bbd47fc00a2c39e90264f33305004495a9","hash":"b7d490a1b556cf64d0491c9f00a732719a572c36"}
,"/Users/honlee/Desktop/under5/VoiceSpace/front/src/pages/spacePage/Space.tsx": {"path":"/Users/honlee/Desktop/under5/VoiceSpace/front/src/pages/spacePage/Space.tsx","statementMap":{"0":{"start":{"line":11,"column":11},"end":{"line":11,"column":34}},"1":{"start":{"line":32,"column":2},"end":{"line":54,"column":7}},"2":{"start":{"line":35,"column":21},"end":{"line":35,"column":51}},"3":{"start":{"line":36,"column":6},"end":{"line":39,"column":7}},"4":{"start":{"line":37,"column":8},"end":{"line":37,"column":23}},"5":{"start":{"line":38,"column":8},"end":{"line":38,"column":15}},"6":{"start":{"line":40,"column":26},"end":{"line":49,"column":7}},"7":{"start":{"line":50,"column":6},"end":{"line":50,"column":35}},"8":{"start":{"line":53,"column":6},"end":{"line":53,"column":21}},"9":{"start":{"line":56,"column":2},"end":{"line":56,"column":9}},"10":{"start":{"line":61,"column":16},"end":{"line":61,"column":61}},"11":{"start":{"line":62,"column":2},"end":{"line":65,"column":3}},"12":{"start":{"line":63,"column":4},"end":{"line":63,"column":52}},"13":{"start":{"line":64,"column":4},"end":{"line":64,"column":28}},"14":{"start":{"line":66,"column":2},"end":{"line":66,"column":73}},"15":{"start":{"line":66,"column":48},"end":{"line":66,"column":73}},"16":{"start":{"line":67,"column":2},"end":{"line":67,"column":69}},"17":{"start":{"line":67,"column":24},"end":{"line":67,"column":69}},"18":{"start":{"line":70,"column":26},"end":{"line":70,"column":54}},"19":{"start":{"line":71,"column":28},"end":{"line":71,"column":56}},"20":{"start":{"line":74,"column":40},"end":{"line":74,"column":74}},"21":{"start":{"line":77,"column":2},"end":{"line":100,"column":9}},"22":{"start":{"line":78,"column":4},"end":{"line":81,"column":5}},"23":{"start":{"line":79,"column":6},"end":{"line":79,"column":62}},"24":{"start":{"line":80,"column":6},"end":{"line":80,"column":13}},"25":{"start":{"line":82,"column":4},"end":{"line":96,"column":6}},"26":{"start":{"line":87,"column":8},"end":{"line":90,"column":12}},"27":{"start":{"line":88,"column":10},"end":{"line":90,"column":12}},"28":{"start":{"line":91,"column":8},"end":{"line":91,"column":36}},"29":{"start":{"line":94,"column":8},"end":{"line":94,"column":49}},"30":{"start":{"line":97,"column":4},"end":{"line":99,"column":6}},"31":{"start":{"line":98,"column":6},"end":{"line":98,"column":43}},"32":{"start":{"line":98,"column":23},"end":{"line":98,"column":43}},"33":{"start":{"line":102,"column":19},"end":{"line":104,"column":3}},"34":{"start":{"line":103,"column":4},"end":{"line":103,"column":28}},"35":{"start":{"line":106,"column":2},"end":{"line":121,"column":4}}},"fnMap":{"0":{"name":"setNewPeerManager","decl":{"start":{"line":25,"column":9},"end":{"line":25,"column":26}},"loc":{"start":{"line":31,"column":8},"end":{"line":57,"column":1}},"line":31},"1":{"name":"(anonymous_1)","decl":{"start":{"line":34,"column":10},"end":{"line":34,"column":11}},"loc":{"start":{"line":34,"column":35},"end":{"line":51,"column":5}},"line":34},"2":{"name":"(anonymous_2)","decl":{"start":{"line":52,"column":11},"end":{"line":52,"column":12}},"loc":{"start":{"line":52,"column":17},"end":{"line":54,"column":5}},"line":52},"3":{"name":"Space","decl":{"start":{"line":59,"column":9},"end":{"line":59,"column":14}},"loc":{"start":{"line":59,"column":56},"end":{"line":122,"column":1}},"line":59},"4":{"name":"(anonymous_4)","decl":{"start":{"line":77,"column":12},"end":{"line":77,"column":13}},"loc":{"start":{"line":77,"column":18},"end":{"line":100,"column":3}},"line":77},"5":{"name":"(anonymous_5)","decl":{"start":{"line":86,"column":6},"end":{"line":86,"column":7}},"loc":{"start":{"line":86,"column":36},"end":{"line":92,"column":7}},"line":86},"6":{"name":"(anonymous_6)","decl":{"start":{"line":93,"column":6},"end":{"line":93,"column":7}},"loc":{"start":{"line":93,"column":12},"end":{"line":95,"column":7}},"line":93},"7":{"name":"(anonymous_7)","decl":{"start":{"line":97,"column":11},"end":{"line":97,"column":12}},"loc":{"start":{"line":97,"column":17},"end":{"line":99,"column":5}},"line":97},"8":{"name":"(anonymous_8)","decl":{"start":{"line":102,"column":19},"end":{"line":102,"column":20}},"loc":{"start":{"line":102,"column":25},"end":{"line":104,"column":3}},"line":102}},"branchMap":{"0":{"loc":{"start":{"line":36,"column":6},"end":{"line":39,"column":7}},"type":"if","locations":[{"start":{"line":36,"column":6},"end":{"line":39,"column":7}},{"start":{"line":36,"column":6},"end":{"line":39,"column":7}}],"line":36},"1":{"loc":{"start":{"line":62,"column":2},"end":{"line":65,"column":3}},"type":"if","locations":[{"start":{"line":62,"column":2},"end":{"line":65,"column":3}},{"start":{"line":62,"column":2},"end":{"line":65,"column":3}}],"line":62},"2":{"loc":{"start":{"line":62,"column":6},"end":{"line":62,"column":42}},"type":"binary-expr","locations":[{"start":{"line":62,"column":6},"end":{"line":62,"column":19}},{"start":{"line":62,"column":23},"end":{"line":62,"column":42}}],"line":62},"3":{"loc":{"start":{"line":66,"column":2},"end":{"line":66,"column":73}},"type":"if","locations":[{"start":{"line":66,"column":2},"end":{"line":66,"column":73}},{"start":{"line":66,"column":2},"end":{"line":66,"column":73}}],"line":66},"4":{"loc":{"start":{"line":66,"column":6},"end":{"line":66,"column":46}},"type":"binary-expr","locations":[{"start":{"line":66,"column":6},"end":{"line":66,"column":21}},{"start":{"line":66,"column":25},"end":{"line":66,"column":46}}],"line":66},"5":{"loc":{"start":{"line":67,"column":2},"end":{"line":67,"column":69}},"type":"if","locations":[{"start":{"line":67,"column":2},"end":{"line":67,"column":69}},{"start":{"line":67,"column":2},"end":{"line":67,"column":69}}],"line":67},"6":{"loc":{"start":{"line":78,"column":4},"end":{"line":81,"column":5}},"type":"if","locations":[{"start":{"line":78,"column":4},"end":{"line":81,"column":5}},{"start":{"line":78,"column":4},"end":{"line":81,"column":5}}],"line":78},"7":{"loc":{"start":{"line":78,"column":8},"end":{"line":78,"column":62}},"type":"binary-expr","locations":[{"start":{"line":78,"column":8},"end":{"line":78,"column":32}},{"start":{"line":78,"column":36},"end":{"line":78,"column":62}}],"line":78},"8":{"loc":{"start":{"line":87,"column":8},"end":{"line":90,"column":12}},"type":"if","locations":[{"start":{"line":87,"column":8},"end":{"line":90,"column":12}},{"start":{"line":87,"column":8},"end":{"line":90,"column":12}}],"line":87},"9":{"loc":{"start":{"line":98,"column":6},"end":{"line":98,"column":43}},"type":"if","locations":[{"start":{"line":98,"column":6},"end":{"line":98,"column":43}},{"start":{"line":98,"column":6},"end":{"line":98,"column":43}}],"line":98},"10":{"loc":{"start":{"line":108,"column":7},"end":{"line":113,"column":14}},"type":"cond-expr","locations":[{"start":{"line":109,"column":8},"end":{"line":112,"column":11}},{"start":{"line":113,"column":10},"end":{"line":113,"column":14}}],"line":108}},"s":{"0":0,"1":0,"2":0,"3":0,"4":0,"5":0,"6":0,"7":0,"8":0,"9":0,"10":0,"11":0,"12":0,"13":0,"14":0,"15":0,"16":0,"17":0,"18":0,"19":0,"20":0,"21":0,"22":0,"23":0,"24":0,"25":0,"26":0,"27":0,"28":0,"29":0,"30":0,"31":0,"32":0,"33":0,"34":0,"35":0},"f":{"0":0,"1":0,"2":0,"3":0,"4":0,"5":0,"6":0,"7":0,"8":0},"b":{"0":[0,0],"1":[0,0],"2":[0,0],"3":[0,0],"4":[0,0],"5":[0,0],"6":[0,0],"7":[0,0],"8":[0,0],"9":[0,0],"10":[0,0]}}
,"/Users/honlee/Desktop/under5/VoiceSpace/front/src/utils/IdProvider.ts": {"path":"/Users/honlee/Desktop/under5/VoiceSpace/front/src/utils/IdProvider.ts","statementMap":{"0":{"start":{"line":2,"column":15},"end":{"line":2,"column":16}},"1":{"start":{"line":4,"column":4},"end":{"line":4,"column":15}},"2":{"start":{"line":5,"column":4},"end":{"line":5,"column":20}}},"fnMap":{"0":{"name":"(anonymous_0)","decl":{"start":{"line":3,"column":2},"end":{"line":3,"column":3}},"loc":{"start":{"line":3,"column":25},"end":{"line":6,"column":3}},"line":3}},"branchMap":{},"s":{"0":1,"1":49,"2":49},"f":{"0":49},"b":{},"_coverageSchema":"1a1c01bbd47fc00a2c39e90264f33305004495a9","hash":"5aba768817d1d6446d75ca260e2f33e133f1f2a3"}
,"/Users/honlee/Desktop/under5/VoiceSpace/front/src/utils/ImageInfoProvider.ts": {"path":"/Users/honlee/Desktop/under5/VoiceSpace/front/src/utils/ImageInfoProvider.ts","statementMap":{"0":{"start":{"line":45,"column":4},"end":{"line":45,"column":17}},"1":{"start":{"line":46,"column":4},"end":{"line":46,"column":29}},"2":{"start":{"line":47,"column":4},"end":{"line":47,"column":29}},"3":{"start":{"line":48,"column":4},"end":{"line":48,"column":33}},"4":{"start":{"line":49,"column":4},"end":{"line":49,"column":39}},"5":{"start":{"line":50,"column":4},"end":{"line":50,"column":27}},"6":{"start":{"line":52,"column":4},"end":{"line":52,"column":25}},"7":{"start":{"line":53,"column":4},"end":{"line":53,"column":25}},"8":{"start":{"line":55,"column":4},"end":{"line":55,"column":25}},"9":{"start":{"line":63,"column":19},"end":{"line":63,"column":68}},"10":{"start":{"line":64,"column":4},"end":{"line":66,"column":5}},"11":{"start":{"line":67,"column":4},"end":{"line":67,"column":18}},"12":{"start":{"line":70,"column":23},"end":{"line":75,"column":3}},"13":{"start":{"line":71,"column":4},"end":{"line":74,"column":7}},"14":{"start":{"line":73,"column":6},"end":{"line":73,"column":64}},"15":{"start":{"line":77,"column":23},"end":{"line":82,"column":3}},"16":{"start":{"line":78,"column":4},"end":{"line":81,"column":7}},"17":{"start":{"line":80,"column":6},"end":{"line":80,"column":60}},"18":{"start":{"line":84,"column":16},"end":{"line":106,"column":3}},"19":{"start":{"line":85,"column":4},"end":{"line":85,"column":49}},"20":{"start":{"line":86,"column":4},"end":{"line":90,"column":6}},"21":{"start":{"line":91,"column":4},"end":{"line":95,"column":6}},"22":{"start":{"line":96,"column":4},"end":{"line":100,"column":6}},"23":{"start":{"line":101,"column":4},"end":{"line":105,"column":6}},"24":{"start":{"line":108,"column":38},"end":{"line":177,"column":3}},"25":{"start":{"line":113,"column":18},"end":{"line":113,"column":77}},"26":{"start":{"line":114,"column":19},"end":{"line":114,"column":78}},"27":{"start":{"line":115,"column":18},"end":{"line":115,"column":78}},"28":{"start":{"line":116,"column":19},"end":{"line":116,"column":79}},"29":{"start":{"line":117,"column":4},"end":{"line":176,"column":5}},"30":{"start":{"line":119,"column":22},"end":{"line":119,"column":41}},"31":{"start":{"line":120,"column":22},"end":{"line":120,"column":41}},"32":{"start":{"line":121,"column":8},"end":{"line":128,"column":11}},"33":{"start":{"line":122,"column":10},"end":{"line":127,"column":11}},"34":{"start":{"line":122,"column":23},"end":{"line":122,"column":28}},"35":{"start":{"line":123,"column":12},"end":{"line":126,"column":14}},"36":{"start":{"line":129,"column":8},"end":{"line":136,"column":11}},"37":{"start":{"line":130,"column":10},"end":{"line":135,"column":11}},"38":{"start":{"line":130,"column":23},"end":{"line":130,"column":28}},"39":{"start":{"line":131,"column":12},"end":{"line":134,"column":14}},"40":{"start":{"line":137,"column":8},"end":{"line":137,"column":14}},"41":{"start":{"line":141,"column":8},"end":{"line":148,"column":9}},"42":{"start":{"line":141,"column":21},"end":{"line":141,"column":26}},"43":{"start":{"line":142,"column":10},"end":{"line":147,"column":11}},"44":{"start":{"line":142,"column":23},"end":{"line":142,"column":28}},"45":{"start":{"line":143,"column":12},"end":{"line":146,"column":14}},"46":{"start":{"line":149,"column":8},"end":{"line":149,"column":14}},"47":{"start":{"line":152,"column":18},"end":{"line":152,"column":35}},"48":{"start":{"line":153,"column":18},"end":{"line":153,"column":36}},"49":{"start":{"line":155,"column":8},"end":{"line":166,"column":9}},"50":{"start":{"line":155,"column":21},"end":{"line":155,"column":26}},"51":{"start":{"line":156,"column":10},"end":{"line":165,"column":11}},"52":{"start":{"line":156,"column":23},"end":{"line":156,"column":28}},"53":{"start":{"line":157,"column":28},"end":{"line":157,"column":71}},"54":{"start":{"line":158,"column":28},"end":{"line":158,"column":71}},"55":{"start":{"line":159,"column":12},"end":{"line":164,"column":13}},"56":{"start":{"line":160,"column":14},"end":{"line":163,"column":16}},"57":{"start":{"line":167,"column":8},"end":{"line":167,"column":14}},"58":{"start":{"line":171,"column":8},"end":{"line":173,"column":10}},"59":{"start":{"line":174,"column":8},"end":{"line":174,"column":14}},"60":{"start":{"line":179,"column":36},"end":{"line":210,"column":3}},"61":{"start":{"line":184,"column":16},"end":{"line":184,"column":39}},"62":{"start":{"line":185,"column":4},"end":{"line":188,"column":5}},"63":{"start":{"line":186,"column":6},"end":{"line":186,"column":58}},"64":{"start":{"line":187,"column":6},"end":{"line":187,"column":13}},"65":{"start":{"line":189,"column":4},"end":{"line":189,"column":26}},"66":{"start":{"line":190,"column":18},"end":{"line":190,"column":29}},"67":{"start":{"line":191,"column":4},"end":{"line":208,"column":7}},"68":{"start":{"line":192,"column":6},"end":{"line":192,"column":51}},"69":{"start":{"line":193,"column":6},"end":{"line":200,"column":8}},"70":{"start":{"line":201,"column":35},"end":{"line":206,"column":7}},"71":{"start":{"line":207,"column":6},"end":{"line":207,"column":20}},"72":{"start":{"line":209,"column":4},"end":{"line":209,"column":32}},"73":{"start":{"line":212,"column":17},"end":{"line":264,"column":3}},"74":{"start":{"line":213,"column":4},"end":{"line":263,"column":7}},"75":{"start":{"line":214,"column":6},"end":{"line":222,"column":9}},"76":{"start":{"line":215,"column":8},"end":{"line":221,"column":11}},"77":{"start":{"line":216,"column":10},"end":{"line":220,"column":12}},"78":{"start":{"line":224,"column":6},"end":{"line":262,"column":9}},"79":{"start":{"line":225,"column":19},"end":{"line":259,"column":9}},"80":{"start":{"line":226,"column":10},"end":{"line":258,"column":13}},"81":{"start":{"line":227,"column":41},"end":{"line":232,"column":13}},"82":{"start":{"line":233,"column":12},"end":{"line":237,"column":16}},"83":{"start":{"line":234,"column":14},"end":{"line":237,"column":16}},"84":{"start":{"line":239,"column":31},"end":{"line":239,"column":69}},"85":{"start":{"line":241,"column":12},"end":{"line":243,"column":13}},"86":{"start":{"line":242,"column":14},"end":{"line":242,"column":61}},"87":{"start":{"line":245,"column":27},"end":{"line":245,"column":75}},"88":{"start":{"line":246,"column":28},"end":{"line":246,"column":76}},"89":{"start":{"line":247,"column":27},"end":{"line":247,"column":76}},"90":{"start":{"line":248,"column":28},"end":{"line":248,"column":77}},"91":{"start":{"line":249,"column":12},"end":{"line":256,"column":13}},"92":{"start":{"line":249,"column":25},"end":{"line":249,"column":31}},"93":{"start":{"line":250,"column":14},"end":{"line":255,"column":15}},"94":{"start":{"line":250,"column":27},"end":{"line":250,"column":33}},"95":{"start":{"line":251,"column":16},"end":{"line":254,"column":18}},"96":{"start":{"line":257,"column":12},"end":{"line":257,"column":38}},"97":{"start":{"line":261,"column":8},"end":{"line":261,"column":76}},"98":{"start":{"line":266,"column":22},"end":{"line":307,"column":3}},"99":{"start":{"line":267,"column":4},"end":{"line":267,"column":30}},"100":{"start":{"line":269,"column":4},"end":{"line":276,"column":5}},"101":{"start":{"line":274,"column":6},"end":{"line":274,"column":45}},"102":{"start":{"line":275,"column":6},"end":{"line":275,"column":13}},"103":{"start":{"line":278,"column":27},"end":{"line":278,"column":60}},"104":{"start":{"line":279,"column":4},"end":{"line":284,"column":6}},"105":{"start":{"line":280,"column":6},"end":{"line":283,"column":8}},"106":{"start":{"line":288,"column":6},"end":{"line":288,"column":57}},"107":{"start":{"line":290,"column":4},"end":{"line":306,"column":5}},"108":{"start":{"line":291,"column":40},"end":{"line":294,"column":7}},"109":{"start":{"line":296,"column":17},"end":{"line":299,"column":7}},"110":{"start":{"line":297,"column":8},"end":{"line":297,"column":36}},"111":{"start":{"line":298,"column":8},"end":{"line":298,"column":34}},"112":{"start":{"line":301,"column":6},"end":{"line":305,"column":8}},"113":{"start":{"line":309,"column":23},"end":{"line":317,"column":3}},"114":{"start":{"line":310,"column":15},"end":{"line":310,"column":33}},"115":{"start":{"line":311,"column":4},"end":{"line":315,"column":5}},"116":{"start":{"line":312,"column":6},"end":{"line":312,"column":69}},"117":{"start":{"line":314,"column":6},"end":{"line":314,"column":73}},"118":{"start":{"line":316,"column":4},"end":{"line":316,"column":56}},"119":{"start":{"line":320,"column":18},"end":{"line":350,"column":3}},"120":{"start":{"line":321,"column":4},"end":{"line":321,"column":49}},"121":{"start":{"line":323,"column":4},"end":{"line":323,"column":57}},"122":{"start":{"line":324,"column":4},"end":{"line":324,"column":60}},"123":{"start":{"line":325,"column":4},"end":{"line":330,"column":5}},"124":{"start":{"line":325,"column":17},"end":{"line":325,"column":18}},"125":{"start":{"line":326,"column":6},"end":{"line":329,"column":9}},"126":{"start":{"line":331,"column":4},"end":{"line":336,"column":5}},"127":{"start":{"line":331,"column":17},"end":{"line":331,"column":18}},"128":{"start":{"line":332,"column":6},"end":{"line":335,"column":9}},"129":{"start":{"line":337,"column":4},"end":{"line":342,"column":5}},"130":{"start":{"line":337,"column":17},"end":{"line":337,"column":18}},"131":{"start":{"line":338,"column":6},"end":{"line":341,"column":9}},"132":{"start":{"line":343,"column":4},"end":{"line":343,"column":60}},"133":{"start":{"line":344,"column":4},"end":{"line":344,"column":62}},"134":{"start":{"line":345,"column":4},"end":{"line":345,"column":62}},"135":{"start":{"line":346,"column":4},"end":{"line":346,"column":62}},"136":{"start":{"line":347,"column":4},"end":{"line":347,"column":62}},"137":{"start":{"line":348,"column":4},"end":{"line":348,"column":62}},"138":{"start":{"line":349,"column":4},"end":{"line":349,"column":24}},"139":{"start":{"line":352,"column":18},"end":{"line":373,"column":3}},"140":{"start":{"line":353,"column":45},"end":{"line":358,"column":5}},"141":{"start":{"line":360,"column":4},"end":{"line":371,"column":7}},"142":{"start":{"line":361,"column":18},"end":{"line":361,"column":59}},"143":{"start":{"line":362,"column":6},"end":{"line":369,"column":9}},"144":{"start":{"line":363,"column":8},"end":{"line":363,"column":34}},"145":{"start":{"line":364,"column":19},"end":{"line":367,"column":9}},"146":{"start":{"line":365,"column":10},"end":{"line":365,"column":44}},"147":{"start":{"line":366,"column":10},"end":{"line":366,"column":36}},"148":{"start":{"line":368,"column":8},"end":{"line":368,"column":69}},"149":{"start":{"line":370,"column":6},"end":{"line":370,"column":47}},"150":{"start":{"line":372,"column":4},"end":{"line":372,"column":11}}},"fnMap":{"0":{"name":"(anonymous_0)","decl":{"start":{"line":41,"column":2},"end":{"line":41,"column":3}},"loc":{"start":{"line":44,"column":4},"end":{"line":57,"column":3}},"line":44},"1":{"name":"(anonymous_1)","decl":{"start":{"line":59,"column":2},"end":{"line":59,"column":3}},"loc":{"start":{"line":62,"column":27},"end":{"line":68,"column":3}},"line":62},"2":{"name":"(anonymous_2)","decl":{"start":{"line":70,"column":23},"end":{"line":70,"column":24}},"loc":{"start":{"line":70,"column":44},"end":{"line":75,"column":3}},"line":70},"3":{"name":"(anonymous_3)","decl":{"start":{"line":71,"column":23},"end":{"line":71,"column":24}},"loc":{"start":{"line":71,"column":33},"end":{"line":74,"column":5}},"line":71},"4":{"name":"(anonymous_4)","decl":{"start":{"line":77,"column":23},"end":{"line":77,"column":24}},"loc":{"start":{"line":77,"column":35},"end":{"line":82,"column":3}},"line":77},"5":{"name":"(anonymous_5)","decl":{"start":{"line":78,"column":23},"end":{"line":78,"column":24}},"loc":{"start":{"line":78,"column":33},"end":{"line":81,"column":5}},"line":78},"6":{"name":"(anonymous_6)","decl":{"start":{"line":84,"column":16},"end":{"line":84,"column":17}},"loc":{"start":{"line":84,"column":45},"end":{"line":106,"column":3}},"line":84},"7":{"name":"(anonymous_7)","decl":{"start":{"line":108,"column":38},"end":{"line":108,"column":39}},"loc":{"start":{"line":112,"column":13},"end":{"line":177,"column":3}},"line":112},"8":{"name":"(anonymous_8)","decl":{"start":{"line":121,"column":22},"end":{"line":121,"column":23}},"loc":{"start":{"line":121,"column":27},"end":{"line":128,"column":9}},"line":121},"9":{"name":"(anonymous_9)","decl":{"start":{"line":129,"column":22},"end":{"line":129,"column":23}},"loc":{"start":{"line":129,"column":27},"end":{"line":136,"column":9}},"line":129},"10":{"name":"(anonymous_10)","decl":{"start":{"line":179,"column":36},"end":{"line":179,"column":37}},"loc":{"start":{"line":183,"column":13},"end":{"line":210,"column":3}},"line":183},"11":{"name":"(anonymous_11)","decl":{"start":{"line":191,"column":35},"end":{"line":191,"column":36}},"loc":{"start":{"line":191,"column":41},"end":{"line":208,"column":5}},"line":191},"12":{"name":"(anonymous_12)","decl":{"start":{"line":212,"column":17},"end":{"line":212,"column":18}},"loc":{"start":{"line":212,"column":29},"end":{"line":264,"column":3}},"line":212},"13":{"name":"(anonymous_13)","decl":{"start":{"line":213,"column":29},"end":{"line":213,"column":30}},"loc":{"start":{"line":213,"column":60},"end":{"line":263,"column":5}},"line":213},"14":{"name":"(anonymous_14)","decl":{"start":{"line":214,"column":38},"end":{"line":214,"column":39}},"loc":{"start":{"line":214,"column":57},"end":{"line":222,"column":7}},"line":214},"15":{"name":"(anonymous_15)","decl":{"start":{"line":215,"column":34},"end":{"line":215,"column":35}},"loc":{"start":{"line":215,"column":54},"end":{"line":221,"column":9}},"line":215},"16":{"name":"(anonymous_16)","decl":{"start":{"line":224,"column":34},"end":{"line":224,"column":35}},"loc":{"start":{"line":224,"column":49},"end":{"line":262,"column":7}},"line":224},"17":{"name":"(anonymous_17)","decl":{"start":{"line":225,"column":19},"end":{"line":225,"column":20}},"loc":{"start":{"line":225,"column":49},"end":{"line":259,"column":9}},"line":225},"18":{"name":"(anonymous_18)","decl":{"start":{"line":226,"column":36},"end":{"line":226,"column":37}},"loc":{"start":{"line":226,"column":56},"end":{"line":258,"column":11}},"line":226},"19":{"name":"(anonymous_19)","decl":{"start":{"line":266,"column":22},"end":{"line":266,"column":23}},"loc":{"start":{"line":266,"column":51},"end":{"line":307,"column":3}},"line":266},"20":{"name":"(anonymous_20)","decl":{"start":{"line":279,"column":62},"end":{"line":279,"column":63}},"loc":{"start":{"line":280,"column":6},"end":{"line":283,"column":8}},"line":280},"21":{"name":"(anonymous_21)","decl":{"start":{"line":296,"column":17},"end":{"line":296,"column":18}},"loc":{"start":{"line":296,"column":43},"end":{"line":299,"column":7}},"line":296},"22":{"name":"(anonymous_22)","decl":{"start":{"line":309,"column":23},"end":{"line":309,"column":24}},"loc":{"start":{"line":309,"column":73},"end":{"line":317,"column":3}},"line":309},"23":{"name":"(anonymous_23)","decl":{"start":{"line":320,"column":18},"end":{"line":320,"column":19}},"loc":{"start":{"line":320,"column":30},"end":{"line":350,"column":3}},"line":320},"24":{"name":"(anonymous_24)","decl":{"start":{"line":352,"column":18},"end":{"line":352,"column":19}},"loc":{"start":{"line":352,"column":30},"end":{"line":373,"column":3}},"line":352},"25":{"name":"(anonymous_25)","decl":{"start":{"line":360,"column":28},"end":{"line":360,"column":29}},"loc":{"start":{"line":360,"column":38},"end":{"line":371,"column":5}},"line":360},"26":{"name":"(anonymous_26)","decl":{"start":{"line":362,"column":35},"end":{"line":362,"column":36}},"loc":{"start":{"line":362,"column":43},"end":{"line":369,"column":7}},"line":362},"27":{"name":"(anonymous_27)","decl":{"start":{"line":364,"column":19},"end":{"line":364,"column":20}},"loc":{"start":{"line":364,"column":45},"end":{"line":367,"column":9}},"line":364}},"branchMap":{"0":{"loc":{"start":{"line":64,"column":4},"end":{"line":66,"column":5}},"type":"if","locations":[{"start":{"line":64,"column":4},"end":{"line":66,"column":5}},{"start":{"line":64,"column":4},"end":{"line":66,"column":5}}],"line":64},"1":{"loc":{"start":{"line":70,"column":24},"end":{"line":70,"column":33}},"type":"default-arg","locations":[{"start":{"line":70,"column":32},"end":{"line":70,"column":33}}],"line":70},"2":{"loc":{"start":{"line":117,"column":4},"end":{"line":176,"column":5}},"type":"switch","locations":[{"start":{"line":118,"column":6},"end":{"line":138,"column":7}},{"start":{"line":140,"column":6},"end":{"line":150,"column":7}},{"start":{"line":151,"column":6},"end":{"line":168,"column":7}},{"start":{"line":170,"column":6},"end":{"line":175,"column":7}}],"line":117},"3":{"loc":{"start":{"line":159,"column":12},"end":{"line":164,"column":13}},"type":"if","locations":[{"start":{"line":159,"column":12},"end":{"line":164,"column":13}},{"start":{"line":159,"column":12},"end":{"line":164,"column":13}}],"line":159},"4":{"loc":{"start":{"line":185,"column":4},"end":{"line":188,"column":5}},"type":"if","locations":[{"start":{"line":185,"column":4},"end":{"line":188,"column":5}},{"start":{"line":185,"column":4},"end":{"line":188,"column":5}}],"line":185},"5":{"loc":{"start":{"line":233,"column":12},"end":{"line":237,"column":16}},"type":"if","locations":[{"start":{"line":233,"column":12},"end":{"line":237,"column":16}},{"start":{"line":233,"column":12},"end":{"line":237,"column":16}}],"line":233},"6":{"loc":{"start":{"line":241,"column":12},"end":{"line":243,"column":13}},"type":"if","locations":[{"start":{"line":241,"column":12},"end":{"line":243,"column":13}},{"start":{"line":241,"column":12},"end":{"line":243,"column":13}}],"line":241},"7":{"loc":{"start":{"line":269,"column":4},"end":{"line":276,"column":5}},"type":"if","locations":[{"start":{"line":269,"column":4},"end":{"line":276,"column":5}},{"start":{"line":269,"column":4},"end":{"line":276,"column":5}}],"line":269},"8":{"loc":{"start":{"line":270,"column":6},"end":{"line":272,"column":40}},"type":"binary-expr","locations":[{"start":{"line":270,"column":6},"end":{"line":270,"column":29}},{"start":{"line":271,"column":6},"end":{"line":271,"column":25}},{"start":{"line":272,"column":6},"end":{"line":272,"column":40}}],"line":270},"9":{"loc":{"start":{"line":290,"column":4},"end":{"line":306,"column":5}},"type":"if","locations":[{"start":{"line":290,"column":4},"end":{"line":306,"column":5}},{"start":{"line":290,"column":4},"end":{"line":306,"column":5}}],"line":290},"10":{"loc":{"start":{"line":311,"column":4},"end":{"line":315,"column":5}},"type":"if","locations":[{"start":{"line":311,"column":4},"end":{"line":315,"column":5}},{"start":{"line":311,"column":4},"end":{"line":315,"column":5}}],"line":311}},"s":{"0":1,"1":1,"2":1,"3":1,"4":1,"5":1,"6":1,"7":1,"8":1,"9":1,"10":1,"11":1,"12":1,"13":70,"14":0,"15":1,"16":72,"17":0,"18":1,"19":27,"20":27,"21":27,"22":27,"23":27,"24":1,"25":43,"26":43,"27":43,"28":43,"29":43,"30":0,"31":0,"32":0,"33":0,"34":0,"35":0,"36":0,"37":0,"38":0,"39":0,"40":0,"41":41,"42":41,"43":2952,"44":2952,"45":212544,"46":41,"47":2,"48":2,"49":2,"50":2,"51":280,"52":280,"53":30560,"54":30560,"55":30560,"56":23966,"57":2,"58":0,"59":0,"60":1,"61":27,"62":27,"63":0,"64":0,"65":27,"66":27,"67":27,"68":27,"69":27,"70":27,"71":27,"72":27,"73":1,"74":1,"75":4,"76":3,"77":43,"78":4,"79":6,"80":6,"81":51,"82":51,"83":3,"84":51,"85":51,"86":51,"87":51,"88":51,"89":51,"90":51,"91":51,"92":51,"93":0,"94":0,"95":0,"96":51,"97":6,"98":1,"99":1,"100":1,"101":0,"102":0,"103":1,"104":1,"105":2400,"106":1,"107":1,"108":1,"109":1,"110":1,"111":1,"112":1,"113":1,"114":49,"115":49,"116":4,"117":45,"118":49,"119":1,"120":1,"121":1,"122":1,"123":1,"124":1,"125":15,"126":1,"127":1,"128":15,"129":1,"130":1,"131":11,"132":1,"133":1,"134":1,"135":1,"136":1,"137":1,"138":1,"139":1,"140":1,"141":1,"142":4,"143":4,"144":20,"145":20,"146":20,"147":20,"148":20,"149":4,"150":1},"f":{"0":1,"1":1,"2":70,"3":0,"4":72,"5":0,"6":27,"7":43,"8":0,"9":0,"10":27,"11":27,"12":1,"13":4,"14":3,"15":43,"16":6,"17":6,"18":51,"19":1,"20":2400,"21":1,"22":49,"23":1,"24":1,"25":4,"26":20,"27":20},"b":{"0":[0,1],"1":[21],"2":[0,41,2,0],"3":[23966,6594],"4":[0,27],"5":[3,48],"6":[51,0],"7":[0,1],"8":[1,1,1],"9":[1,0],"10":[4,45]},"_coverageSchema":"1a1c01bbd47fc00a2c39e90264f33305004495a9","hash":"4b032c8621678594dfcb09fa7b69993eea6b06a4"}
,"/Users/honlee/Desktop/under5/VoiceSpace/front/src/utils/ImageMetaData.ts": {"path":"/Users/honlee/Desktop/under5/VoiceSpace/front/src/utils/ImageMetaData.ts","statementMap":{"0":{"start":{"line":98,"column":51},"end":{"line":114,"column":1}},"1":{"start":{"line":116,"column":51},"end":{"line":131,"column":1}},"2":{"start":{"line":134,"column":40},"end":{"line":154,"column":1}},"3":{"start":{"line":159,"column":42},"end":{"line":179,"column":1}},"4":{"start":{"line":181,"column":43},"end":{"line":190,"column":1}},"5":{"start":{"line":192,"column":42},"end":{"line":207,"column":1}},"6":{"start":{"line":210,"column":42},"end":{"line":260,"column":1}},"7":{"start":{"line":262,"column":43},"end":{"line":312,"column":1}},"8":{"start":{"line":314,"column":44},"end":{"line":364,"column":1}},"9":{"start":{"line":366,"column":40},"end":{"line":416,"column":1}},"10":{"start":{"line":418,"column":30},"end":{"line":423,"column":1}}},"fnMap":{},"branchMap":{},"s":{"0":2,"1":2,"2":2,"3":2,"4":2,"5":2,"6":2,"7":2,"8":2,"9":2,"10":2},"f":{},"b":{},"_coverageSchema":"1a1c01bbd47fc00a2c39e90264f33305004495a9","hash":"faace838f673a0f1c3d999807bbfa5a3436d0402"}
[...]
6,"column":4},"end":{"line":416,"column":73}},"141":{"start":{"line":418,"column":4},"end":{"line":418,"column":48}},"142":{"start":{"line":422,"column":4},"end":{"line":422,"column":34}},"143":{"start":{"line":423,"column":4},"end":{"line":423,"column":30}},"144":{"start":{"line":424,"column":4},"end":{"line":424,"column":54}},"145":{"start":{"line":425,"column":4},"end":{"line":425,"column":38}},"146":{"start":{"line":433,"column":22},"end":{"line":436,"column":5}},"147":{"start":{"line":437,"column":4},"end":{"line":443,"column":5}},"148":{"start":{"line":438,"column":6},"end":{"line":441,"column":8}},"149":{"start":{"line":442,"column":6},"end":{"line":442,"column":13}},"150":{"start":{"line":444,"column":4},"end":{"line":449,"column":6}},"151":{"start":{"line":453,"column":20},"end":{"line":453,"column":41}},"152":{"start":{"line":454,"column":21},"end":{"line":454,"column":66}},"153":{"start":{"line":455,"column":4},"end":{"line":485,"column":7}},"154":{"start":{"line":456,"column":23},"end":{"line":460,"column":7}},"155":{"start":{"line":461,"column":6},"end":{"line":461,"column":28}},"156":{"start":{"line":461,"column":21},"end":{"line":461,"column":28}},"157":{"start":{"line":462,"column":6},"end":{"line":462,"column":31}},"158":{"start":{"line":463,"column":19},"end":{"line":468,"column":7}},"159":{"start":{"line":470,"column":27},"end":{"line":473,"column":7}},"160":{"start":{"line":475,"column":6},"end":{"line":480,"column":7}},"161":{"start":{"line":475,"column":19},"end":{"line":475,"column":20}},"162":{"start":{"line":476,"column":26},"end":{"line":476,"column":66}},"163":{"start":{"line":478,"column":10},"end":{"line":478,"column":69}},"164":{"start":{"line":479,"column":8},"end":{"line":479,"column":58}},"165":{"start":{"line":482,"column":24},"end":{"line":482,"column":67}},"166":{"start":{"line":483,"column":21},"end":{"line":483,"column":78}},"167":{"start":{"line":484,"column":6},"end":{"line":484,"column":29}},"168":{"start":{"line":486,"column":4},"end":{"line":487,"column":46}},"169":{"start":{"line":487,"column":6},"end":{"line":487,"column":46}},"170":{"start":{"line":488,"column":4},"end":{"line":489,"column":72}},"171":{"start":{"line":489,"column":6},"end":{"line":489,"column":72}},"172":{"start":{"line":490,"column":4},"end":{"line":491,"column":42}},"173":{"start":{"line":491,"column":6},"end":{"line":491,"column":42}},"174":{"start":{"line":492,"column":4},"end":{"line":493,"column":73}},"175":{"start":{"line":493,"column":6},"end":{"line":493,"column":73}},"176":{"start":{"line":495,"column":4},"end":{"line":495,"column":76}},"177":{"start":{"line":496,"column":4},"end":{"line":496,"column":78}},"178":{"start":{"line":500,"column":4},"end":{"line":500,"column":38}},"179":{"start":{"line":501,"column":4},"end":{"line":501,"column":40}},"180":{"start":{"line":502,"column":4},"end":{"line":505,"column":6}},"181":{"start":{"line":506,"column":4},"end":{"line":506,"column":51}},"182":{"start":{"line":507,"column":4},"end":{"line":507,"column":26}},"183":{"start":{"line":508,"column":4},"end":{"line":508,"column":68}},"184":{"start":{"line":512,"column":4},"end":{"line":518,"column":5}},"185":{"start":{"line":513,"column":6},"end":{"line":517,"column":9}},"186":{"start":{"line":520,"column":17},"end":{"line":520,"column":29}},"187":{"start":{"line":521,"column":4},"end":{"line":529,"column":7}},"188":{"start":{"line":522,"column":6},"end":{"line":528,"column":9}},"189":{"start":{"line":523,"column":8},"end":{"line":527,"column":11}},"190":{"start":{"line":533,"column":17},"end":{"line":533,"column":23}},"191":{"start":{"line":534,"column":4},"end":{"line":546,"column":7}},"192":{"start":{"line":535,"column":6},"end":{"line":545,"column":9}},"193":{"start":{"line":536,"column":8},"end":{"line":538,"column":9}},"194":{"start":{"line":537,"column":10},"end":{"line":537,"column":34}},"195":{"start":{"line":539,"column":8},"end":{"line":543,"column":11}},"196":{"start":{"line":544,"column":8},"end":{"line":544,"column":32}}},"fnMap":{"0":{"name":"(anonymous_0)","decl":{"start":{"line":41,"column":41},"end":{"line":41,"column":42}},"loc":{"start":{"line":43,"column":14},"end":{"line":57,"column":1}},"line":43},"1":{"name":"(anonymous_1)","decl":{"start":{"line":59,"column":21},"end":{"line":59,"column":22}},"loc":{"start":{"line":63,"column":5},"end":{"line":78,"column":1}},"line":63},"2":{"name":"(anonymous_2)","decl":{"start":{"line":80,"column":39},"end":{"line":80,"column":40}},"loc":{"start":{"line":84,"column":31},"end":{"line":93,"column":1}},"line":84},"3":{"name":"(anonymous_3)","decl":{"start":{"line":95,"column":22},"end":{"line":95,"column":23}},"loc":{"start":{"line":99,"column":5},"end":{"line":113,"column":1}},"line":99},"4":{"name":"(anonymous_4)","decl":{"start":{"line":115,"column":25},"end":{"line":115,"column":26}},"loc":{"start":{"line":120,"column":5},"end":{"line":132,"column":1}},"line":120},"5":{"name":"(anonymous_5)","decl":{"start":{"line":134,"column":24},"end":{"line":134,"column":25}},"loc":{"start":{"line":138,"column":14},"end":{"line":147,"column":1}},"line":138},"6":{"name":"(anonymous_6)","decl":{"start":{"line":166,"column":2},"end":{"line":166,"column":3}},"loc":{"start":{"line":166,"column":60},"end":{"line":172,"column":3}},"line":166},"7":{"name":"(anonymous_7)","decl":{"start":{"line":174,"column":2},"end":{"line":174,"column":3}},"loc":{"start":{"line":174,"column":38},"end":{"line":190,"column":3}},"line":174},"8":{"name":"(anonymous_8)","decl":{"start":{"line":192,"column":2},"end":{"line":192,"column":3}},"loc":{"start":{"line":192,"column":41},"end":{"line":208,"column":3}},"line":192},"9":{"name":"(anonymous_9)","decl":{"start":{"line":210,"column":2},"end":{"line":210,"column":3}},"loc":{"start":{"line":210,"column":51},"end":{"line":225,"column":3}},"line":210},"10":{"name":"(anonymous_10)","decl":{"start":{"line":245,"column":2},"end":{"line":245,"column":3}},"loc":{"start":{"line":249,"column":4},"end":{"line":293,"column":3}},"line":249},"11":{"name":"(anonymous_11)","decl":{"start":{"line":295,"column":2},"end":{"line":295,"column":3}},"loc":{"start":{"line":295,"column":60},"end":{"line":304,"column":3}},"line":295},"12":{"name":"(anonymous_12)","decl":{"start":{"line":306,"column":2},"end":{"line":306,"column":3}},"loc":{"start":{"line":306,"column":60},"end":{"line":344,"column":3}},"line":306},"13":{"name":"(anonymous_13)","decl":{"start":{"line":329,"column":25},"end":{"line":329,"column":26}},"loc":{"start":{"line":329,"column":32},"end":{"line":342,"column":5}},"line":329},"14":{"name":"(anonymous_14)","decl":{"start":{"line":346,"column":2},"end":{"line":346,"column":3}},"loc":{"start":{"line":346,"column":33},"end":{"line":351,"column":3}},"line":346},"15":{"name":"(anonymous_15)","decl":{"start":{"line":353,"column":2},"end":{"line":353,"column":3}},"loc":{"start":{"line":353,"column":29},"end":{"line":366,"column":3}},"line":353},"16":{"name":"(anonymous_16)","decl":{"start":{"line":368,"column":2},"end":{"line":368,"column":3}},"loc":{"start":{"line":368,"column":63},"end":{"line":404,"column":3}},"line":368},"17":{"name":"(anonymous_17)","decl":{"start":{"line":406,"column":2},"end":{"line":406,"column":3}},"loc":{"start":{"line":406,"column":37},"end":{"line":419,"column":3}},"line":406},"18":{"name":"(anonymous_18)","decl":{"start":{"line":421,"column":2},"end":{"line":421,"column":3}},"loc":{"start":{"line":421,"column":43},"end":{"line":426,"column":3}},"line":421},"19":{"name":"(anonymous_19)","decl":{"start":{"line":428,"column":2},"end":{"line":428,"column":3}},"loc":{"start":{"line":432,"column":26},"end":{"line":450,"column":3}},"line":432},"20":{"name":"(anonymous_20)","decl":{"start":{"line":452,"column":2},"end":{"line":452,"column":3}},"loc":{"start":{"line":452,"column":57},"end":{"line":497,"column":3}},"line":452},"21":{"name":"(anonymous_21)","decl":{"start":{"line":455,"column":21},"end":{"line":455,"column":22}},"loc":{"start":{"line":455,"column":33},"end":{"line":485,"column":5}},"line":455},"22":{"name":"(anonymous_22)","decl":{"start":{"line":499,"column":2},"end":{"line":499,"column":3}},"loc":{"start":{"line":499,"column":52},"end":{"line":509,"column":3}},"line":499},"23":{"name":"(anonymous_23)","decl":{"start":{"line":511,"column":2},"end":{"line":511,"column":3}},"loc":{"start":{"line":511,"column":34},"end":{"line":530,"column":3}},"line":511},"24":{"name":"(anonymous_24)","decl":{"start":{"line":521,"column":17},"end":{"line":521,"column":18}},"loc":{"start":{"line":521,"column":24},"end":{"line":529,"column":5}},"line":521},"25":{"name":"(anonymous_25)","decl":{"start":{"line":522,"column":55},"end":{"line":522,"column":56}},"loc":{"start":{"line":522,"column":68},"end":{"line":528,"column":7}},"line":522},"26":{"name":"(anonymous_26)","decl":{"start":{"line":532,"column":2},"end":{"line":532,"column":3}},"loc":{"start":{"line":532,"column":50},"end":{"line":547,"column":3}},"line":532},"27":{"name":"(anonymous_27)","decl":{"start":{"line":534,"column":17},"end":{"line":534,"column":18}},"loc":{"start":{"line":534,"column":24},"end":{"line":546,"column":5}},"line":534},"28":{"name":"(anonymous_28)","decl":{"start":{"line":535,"column":55},"end":{"line":535,"column":56}},"loc":{"start":{"line":535,"column":68},"end":{"line":545,"column":7}},"line":535}},"branchMap":{"0":{"loc":{"start":{"line":50,"column":4},"end":{"line":50,"column":68}},"type":"binary-expr","locations":[{"start":{"line":50,"column":4},"end":{"line":50,"column":33}},{"start":{"line":50,"column":37},"end":{"line":50,"column":68}}],"line":50},"1":{"loc":{"start":{"line":52,"column":2},"end":{"line":55,"column":3}},"type":"if","locations":[{"start":{"line":52,"column":2},"end":{"line":55,"column":3}},{"start":{"line":52,"column":2},"end":{"line":55,"column":3}}],"line":52},"2":{"loc":{"start":{"line":65,"column":2},"end":{"line":68,"column":3}},"type":"if","locations":[{"start":{"line":65,"column":2},"end":{"line":68,"column":3}},{"start":{"line":65,"column":2},"end":{"line":68,"column":3}}],"line":65},"3":{"loc":{"start":{"line":73,"column":2},"end":{"line":75,"column":3}},"type":"if","locations":[{"start":{"line":73,"column":2},"end":{"line":75,"column":3}},{"start":{"line":73,"column":2},"end":{"line":75,"column":3}}],"line":73},"4":{"loc":{"start":{"line":91,"column":2},"end":{"line":91,"column":47}},"type":"if","locations":[{"start":{"line":91,"column":2},"end":{"line":91,"column":47}},{"start":{"line":91,"column":2},"end":{"line":91,"column":47}}],"line":91},"5":{"loc":{"start":{"line":91,"column":6},"end":{"line":91,"column":38}},"type":"binary-expr","locations":[{"start":{"line":91,"column":6},"end":{"line":91,"column":19}},{"start":{"line":91,"column":23},"end":{"line":91,"column":38}}],"line":91},"6":{"loc":{"start":{"line":101,"column":2},"end":{"line":104,"column":3}},"type":"if","locations":[{"start":{"line":101,"column":2},"end":{"line":104,"column":3}},{"start":{"line":101,"column":2},"end":{"line":104,"column":3}}],"line":101},"7":{"loc":{"start":{"line":110,"column":2},"end":{"line":110,"column":30}},"type":"if","locations":[{"start":{"line":110,"column":2},"end":{"line":110,"column":30}},{"start":{"line":110,"column":2},"end":{"line":110,"column":30}}],"line":110},"8":{"loc":{"start":{"line":122,"column":2},"end":{"line":125,"column":3}},"type":"if","locations":[{"start":{"line":122,"column":2},"end":{"line":125,"column":3}},{"start":{"line":122,"column":2},"end":{"line":125,"column":3}}],"line":122},"9":{"loc":{"start":{"line":139,"column":2},"end":{"line":145,"column":16}},"type":"if","locations":[{"start":{"line":139,"column":2},"end":{"line":145,"column":16}},{"start":{"line":139,"column":2},"end":{"line":145,"column":16}}],"line":139},"10":{"loc":{"start":{"line":140,"column":4},"end":{"line":143,"column":55}},"type":"binary-expr","locations":[{"start":{"line":140,"column":4},"end":{"line":140,"column":54}},{"start":{"line":141,"column":4},"end":{"line":141,"column":54}},{"start":{"line":142,"column":4},"end":{"line":142,"column":55}},{"start":{"line":143,"column":4},"end":{"line":143,"column":55}}],"line":140},"11":{"loc":{"start":{"line":181,"column":4},"end":{"line":189,"column":5}},"type":"if","locations":[{"start":{"line":181,"column":4},"end":{"line":189,"column":5}},{"start":{"line":181,"column":4},"end":{"line":189,"column":5}}],"line":181},"12":{"loc":{"start":{"line":182,"column":6},"end":{"line":185,"column":45}},"type":"binary-expr","locations":[{"start":{"line":182,"column":6},"end":{"line":182,"column":67}},{"start":{"line":183,"column":6},"end":{"line":183,"column":44}},{"start":{"line":184,"column":6},"end":{"line":184,"column":69}},{"start":{"line":185,"column":6},"end":{"line":185,"column":45}}],"line":182},"13":{"loc":{"start":{"line":199,"column":4},"end":{"line":207,"column":5}},"type":"if","locations":[{"start":{"line":199,"column":4},"end":{"line":207,"column":5}},{"start":{"line":199,"column":4},"end":{"line":207,"column":5}}],"line":199},"14":{"loc":{"start":{"line":200,"column":6},"end":{"line":203,"column":45}},"type":"binary-expr","locations":[{"start":{"line":200,"column":6},"end":{"line":200,"column":67}},{"start":{"line":201,"column":6},"end":{"line":201,"column":44}},{"start":{"line":202,"column":6},"end":{"line":202,"column":69}},{"start":{"line":203,"column":6},"end":{"line":203,"column":45}}],"line":200},"15":{"loc":{"start":{"line":213,"column":4},"end":{"line":218,"column":5}},"type":"if","locations":[{"start":{"line":213,"column":4},"end":{"line":218,"column":5}},{"start":{"line":213,"column":4},"end":{"line":218,"column":5}}],"line":213},"16":{"loc":{"start":{"line":214,"column":6},"end":{"line":215,"column":67}},"type":"binary-expr","locations":[{"start":{"line":214,"column":6},"end":{"line":214,"column":44}},{"start":{"line":215,"column":6},"end":{"line":215,"column":67}}],"line":214},"17":{"loc":{"start":{"line":219,"column":4},"end":{"line":224,"column":5}},"type":"if","locations":[{"start":{"line":219,"column":4},"end":{"line":224,"column":5}},{"start":{"line":219,"column":4},"end":{"line":224,"column":5}}],"line":219},"18":{"loc":{"start":{"line":220,"column":6},"end":{"line":221,"column":69}},"type":"binary-expr","locations":[{"start":{"line":220,"column":6},"end":{"line":220,"column":45}},{"start":{"line":221,"column":6},"end":{"line":221,"column":69}}],"line":220},"19":{"loc":{"start":{"line":265,"column":4},"end":{"line":267,"column":5}},"type":"if","locations":[{"start":{"line":265,"column":4},"end":{"line":267,"column":5}},{"start":{"line":265,"column":4},"end":{"line":267,"column":5}}],"line":265},"20":{"loc":{"start":{"line":278,"column":4},"end":{"line":281,"column":5}},"type":"if","locations":[{"start":{"line":278,"column":4},"end":{"line":281,"column":5}},{"start":{"line":278,"column":4},"end":{"line":281,"column":5}}],"line":278},"21":{"loc":{"start":{"line":288,"column":4},"end":{"line":291,"column":5}},"type":"if","locations":[{"start":{"line":288,"column":4},"end":{"line":291,"column":5}},{"start":{"line":288,"column":4},"end":{"line":291,"column":5}}],"line":288},"22":{"loc":{"start":{"line":306,"column":41},"end":{"line":306,"column":50}},"type":"default-arg","locations":[{"start":{"line":306,"column":49},"end":{"line":306,"column":50}}],"line":306},"23":{"loc":{"start":{"line":319,"column":4},"end":{"line":321,"column":5}},"type":"if","locations":[{"start":{"line":319,"column":4},"end":{"line":321,"column":5}},{"start":{"line":319,"column":4},"end":{"line":321,"column":5}}],"line":319},"24":{"loc":{"start":{"line":431,"column":4},"end":{"line":431,"column":17}},"type":"default-arg","locations":[{"start":{"line":431,"column":13},"end":{"line":431,"column":17}}],"line":431},"25":{"loc":{"start":{"line":437,"column":4},"end":{"line":443,"column":5}},"type":"if","locations":[{"start":{"line":437,"column":4},"end":{"line":443,"column":5}},{"start":{"line":437,"column":4},"end":{"line":443,"column":5}}],"line":437},"26":{"loc":{"start":{"line":446,"column":13},"end":{"line":446,"column":68}},"type":"cond-expr","locations":[{"start":{"line":446,"column":22},"end":{"line":446,"column":64}},{"start":{"line":446,"column":67},"end":{"line":446,"column":68}}],"line":446},"27":{"loc":{"start":{"line":461,"column":6},"end":{"line":461,"column":28}},"type":"if","locations":[{"start":{"line":461,"column":6},"end":{"line":461,"column":28}},{"start":{"line":461,"column":6},"end":{"line":461,"column":28}}],"line":461},"28":{"loc":{"start":{"line":486,"column":4},"end":{"line":487,"column":46}},"type":"if","locations":[{"start":{"line":486,"column":4},"end":{"line":487,"column":46}},{"start":{"line":486,"column":4},"end":{"line":487,"column":46}}],"line":486},"29":{"loc":{"start":{"line":488,"column":4},"end":{"line":489,"column":72}},"type":"if","locations":[{"start":{"line":488,"column":4},"end":{"line":489,"column":72}},{"start":{"line":488,"column":4},"end":{"line":489,"column":72}}],"line":488},"30":{"loc":{"start":{"line":490,"column":4},"end":{"line":491,"column":42}},"type":"if","locations":[{"start":{"line":490,"column":4},"end":{"line":491,"column":42}},{"start":{"line":490,"column":4},"end":{"line":491,"column":42}}],"line":490},"31":{"loc":{"start":{"line":492,"column":4},"end":{"line":493,"column":73}},"type":"if","locations":[{"start":{"line":492,"column":4},"end":{"line":493,"column":73}},{"start":{"line":492,"column":4},"end":{"line":493,"column":73}}],"line":492},"32":{"loc":{"start":{"line":512,"column":4},"end":{"line":518,"column":5}},"type":"if","locations":[{"start":{"line":512,"column":4},"end":{"line":518,"column":5}},{"start":{"line":512,"column":4},"end":{"line":518,"column":5}}],"line":512},"33":{"loc":{"start":{"line":536,"column":8},"end":{"line":538,"column":9}},"type":"if","locations":[{"start":{"line":536,"column":8},"end":{"line":538,"column":9}},{"start":{"line":536,"column":8},"end":{"line":538,"column":9}}],"line":536}},"s":{"0":0,"1":0,"2":0,"3":0,"4":0,"5":0,"6":0,"7":0,"8":0,"9":0,"10":0,"11":0,"12":0,"13":0,"14":0,"15":0,"16":0,"17":0,"18":0,"19":0,"20":0,"21":0,"22":0,"23":0,"24":0,"25":0,"26":0,"27":0,"28":0,"29":0,"30":0,"31":0,"32":0,"33":0,"34":0,"35":0,"36":0,"37":0,"38":0,"39":0,"40":0,"41":0,"42":0,"43":0,"44":0,"45":0,"46":0,"47":0,"48":0,"49":0,"50":0,"51":0,"52":0,"53":0,"54":0,"55":0,"56":0,"57":0,"58":0,"59":0,"60":0,"61":0,"62":0,"63":0,"64":0,"65":0,"66":0,"67":0,"68":0,"69":0,"70":0,"71":0,"72":0,"73":0,"74":0,"75":0,"76":0,"77":0,"78":0,"79":0,"80":0,"81":0,"82":0,"83":0,"84":0,"85":0,"86":0,"87":0,"88":0,"89":0,"90":0,"91":0,"92":0,"93":0,"94":0,"95":0,"96":0,"97":0,"98":0,"99":0,"100":0,"101":0,"102":0,"103":0,"104":0,"105":0,"106":0,"107":0,"108":0,"109":0,"110":0,"111":0,"112":0,"113":0,"114":0,"115":0,"116":0,"117":0,"118":0,"119":0,"120":0,"121":0,"122":0,"123":0,"124":0,"125":0,"126":0,"127":0,"128":0,"129":0,"130":0,"131":0,"132":0,"133":0,"134":0,"135":0,"136":0,"137":0,"138":0,"139":0,"140":0,"141":0,"142":0,"143":0,"144":0,"145":0,"146":0,"147":0,"148":0,"149":0,"150":0,"151":0,"152":0,"153":0,"154":0,"155":0,"156":0,"157":0,"158":0,"159":0,"160":0,"161":0,"162":0,"163":0,"164":0,"165":0,"166":0,"167":0,"168":0,"169":0,"170":0,"171":0,"172":0,"173":0,"174":0,"175":0,"176":0,"177":0,"178":0,"179":0,"180":0,"181":0,"182":0,"183":0,"184":0,"185":0,"186":0,"187":0,"188":0,"189":0,"190":0,"191":0,"192":0,"193":0,"194":0,"195":0,"196":0},"f":{"0":0,"1":0,"2":0,"3":0,"4":0,"5":0,"6":0,"7":0,"8":0,"9":0,"10":0,"11":0,"12":0,"13":0,"14":0,"15":0,"16":0,"17":0,"18":0,"19":0,"20":0,"21":0,"22":0,"23":0,"24":0,"25":0,"26":0,"27":0,"28":0},"b":{"0":[0,0],"1":[0,0],"2":[0,0],"3":[0,0],"4":[0,0],"5":[0,0],"6":[0,0],"7":[0,0],"8":[0,0],"9":[0,0],"10":[0,0,0,0],"11":[0,0],"12":[0,0,0,0],"13":[0,0],"14":[0,0,0,0],"15":[0,0],"16":[0,0],"17":[0,0],"18":[0,0],"19":[0,0],"20":[0,0],"21":[0,0],"22":[0],"23":[0,0],"24":[0],"25":[0,0],"26":[0,0],"27":[0,0],"28":[0,0],"29":[0,0],"30":[0,0],"31":[0,0],"32":[0,0],"33":[0,0]}}
}
