TN:
SF:src/index.tsx
FN:14,(anonymous_0)
FN:19,Router
FNF:2
FNH:0
FNDA:0,(anonymous_0)
FNDA:0,Router
DA:11,0
DA:12,0
DA:14,0
DA:15,0
DA:16,0
DA:20,0
DA:28,0
DA:40,0
LF:8
LH:0
BRF:0
BRH:0
end_of_record
TN:
SF:src/reportWebVitals.ts
FN:3,(anonymous_0)
FN:5,(anonymous_1)
FNF:2
FNH:0
FNDA:0,(anonymous_0)
FNDA:0,(anonymous_1)
DA:3,0
DA:4,0
DA:5,0
DA:6,0
DA:7,0
DA:8,0
DA:9,0
DA:10,0
LF:8
LH:0
BRDA:4,0,0,0
BRDA:4,0,1,0
BRDA:4,1,0,0
BRDA:4,1,1,0
BRF:4
BRH:0
end_of_record
TN:
SF:src/components/CreateRoom.tsx
FN:8,CreateRoom
FNF:1
FNH:1
FNDA:2,CreateRoom
DA:9,2
LF:1
LH:1
BRF:0
BRH:0
end_of_record
TN:
SF:src/components/Descript.tsx
FN:8,Descript
FNF:1
FNH:1
FNDA:2,Descript
DA:9,2
LF:1
LH:1
BRF:0
BRH:0
end_of_record
TN:
SF:src/components/EnterRoom.tsx
FN:10,EnterRoom
FN:15,(anonymous_1)
FN:23,(anonymous_2)
FN:27,(anonymous_3)
FN:31,(anonymous_4)
FNF:5
FNH:5
FNDA:9,EnterRoom
FNDA:1,(anonymous_1)
FNDA:2,(anonymous_2)
FNDA:1,(anonymous_3)
FNDA:3,(anonymous_4)
DA:11,9
DA:13,9
DA:15,1
DA:21,9
DA:23,9
DA:24,2
DA:27,9
DA:28,1
DA:31,9
DA:32,3
DA:35,9
LF:11
LH:11
BRDA:28,0,0,0
BRDA:28,0,1,1
BRDA:47,1,0,5
BRDA:47,1,1,4
BRF:4
BRH:3
end_of_record
TN:
SF:src/components/Joystick.tsx
FN:12,Joystick
FN:26,(anonymous_1)
FN:44,(anonymous_2)
FN:51,(anonymous_3)
FN:85,(anonymous_4)
FN:90,(anonymous_5)
FN:107,(anonymous_6)
FN:117,(anonymous_7)
FN:127,(anonymous_8)
FN:133,(anonymous_9)
FN:157,(anonymous_10)
FN:180,(anonymous_11)
FN:191,(anonymous_12)
FN:202,(anonymous_13)
FNF:14
FNH:12
FNDA:6,Joystick
FNDA:4,(anonymous_1)
FNDA:1,(anonymous_2)
FNDA:4,(anonymous_3)
FNDA:6,(anonymous_4)
FNDA:4,(anonymous_5)
FNDA:2,(anonymous_6)
FNDA:2,(anonymous_7)
FNDA:0,(anonymous_8)
FNDA:2,(anonymous_9)
FNDA:3,(anonymous_10)
FNDA:0,(anonymous_11)
FNDA:6,(anonymous_12)
FNDA:6,(anonymous_13)
DA:14,6
DA:15,6
DA:16,6
DA:17,6
DA:19,6
DA:23,6
DA:26,6
DA:27,4
DA:28,4
DA:29,4
DA:31,4
DA:32,4
DA:34,4
DA:35,4
DA:36,4
DA:37,4
DA:38,4
DA:39,4
DA:40,4
DA:41,4
DA:44,6
DA:45,1
DA:46,1
DA:47,1
DA:48,1
DA:49,1
DA:51,6
DA:52,4
DA:53,4
DA:54,4
DA:56,4
DA:57,4
DA:58,4
DA:59,4
DA:60,4
DA:61,4
DA:63,4
DA:66,4
DA:68,4
DA:69,2
DA:70,2
DA:71,2
DA:72,2
DA:74,2
DA:77,2
DA:85,6
DA:86,6
DA:90,6
DA:94,4
DA:98,4
DA:99,4
DA:100,0
DA:102,4
DA:103,4
DA:104,4
DA:107,6
DA:108,2
DA:109,2
DA:110,2
DA:114,2
DA:117,6
DA:118,2
DA:119,2
DA:123,2
DA:124,2
DA:127,6
DA:128,0
DA:129,0
DA:130,0
DA:133,6
DA:134,2
DA:135,2
DA:136,2
DA:137,2
DA:141,2
DA:143,0
DA:144,0
DA:145,0
DA:146,0
DA:150,0
DA:157,6
DA:158,3
DA:159,3
DA:160,2
DA:164,2
DA:165,2
DA:167,1
DA:168,1
DA:172,1
DA:176,1
DA:180,6
DA:181,0
DA:182,0
DA:183,0
DA:184,0
DA:185,0
DA:186,0
DA:187,0
DA:188,0
DA:191,6
DA:192,6
DA:194,6
DA:195,6
DA:196,6
DA:199,6
DA:200,6
DA:201,6
DA:202,6
DA:204,6
DA:205,6
DA:206,6
DA:209,6
DA:210,6
DA:211,6
DA:214,6
LF:115
LH:98
BRDA:27,0,0,0
BRDA:27,0,1,4
BRDA:27,1,0,4
BRDA:27,1,1,4
BRDA:34,2,0,0
BRDA:34,2,1,4
BRDA:35,3,0,0
BRDA:35,3,1,4
BRDA:45,4,0,0
BRDA:45,4,1,1
BRDA:45,5,0,1
BRDA:45,5,1,1
BRDA:52,6,0,0
BRDA:52,6,1,4
BRDA:52,7,0,4
BRDA:52,7,1,4
BRDA:60,8,0,0
BRDA:60,8,1,4
BRDA:61,9,0,0
BRDA:61,9,1,4
BRDA:68,10,0,2
BRDA:68,10,1,2
BRDA:91,11,0,4
BRDA:92,12,0,4
BRDA:99,13,0,0
BRDA:99,13,1,4
BRDA:135,14,0,2
BRDA:135,14,1,0
BRDA:159,15,0,2
BRDA:159,15,1,1
BRDA:184,16,0,0
BRDA:184,16,1,0
BRDA:184,17,0,0
BRDA:184,17,1,0
BRF:34
BRH:21
end_of_record
TN:
SF:src/components/MicOnOff.tsx
FN:8,MicOnOff
FN:10,(anonymous_1)
FNF:2
FNH:2
FNDA:5,MicOnOff
FNDA:3,(anonymous_1)
DA:9,5
DA:10,5
DA:11,3
DA:12,3
DA:14,5
LF:5
LH:5
BRDA:16,0,0,3
BRDA:16,0,1,2
BRF:2
BRH:2
end_of_record
TN:
SF:src/components/MoreInfo.tsx
FN:9,MoreInfo
FNF:1
FNH:1
FNDA:2,MoreInfo
DA:10,2
LF:1
LH:1
BRF:0
BRH:0
end_of_record
TN:
SF:src/components/Navigation.tsx
FN:19,Navigation
FN:20,(anonymous_1)
FN:25,(anonymous_2)
FN:28,(anonymous_3)
FN:31,(anonymous_4)
FN:34,(anonymous_5)
FNF:6
FNH:0
FNDA:0,Navigation
FNDA:0,(anonymous_1)
FNDA:0,(anonymous_2)
FNDA:0,(anonymous_3)
FNDA:0,(anonymous_4)
FNDA:0,(anonymous_5)
DA:20,0
DA:21,0
DA:22,0
DA:25,0
DA:26,0
DA:28,0
DA:29,0
DA:31,0
DA:32,0
DA:34,0
DA:35,0
DA:38,0
LF:12
LH:0
BRF:0
BRH:0
end_of_record
TN:
SF:src/components/Options.tsx
FN:5,Options
FN:6,(anonymous_1)
FN:20,(anonymous_2)
FNF:3
FNH:0
FNDA:0,Options
FNDA:0,(anonymous_1)
FNDA:0,(anonymous_2)
DA:6,0
DA:7,0
DA:18,0
DA:20,0
LF:4
LH:0
BRF:0
BRH:0
end_of_record
TN:
SF:src/components/Panel.tsx
FN:11,PanelDropDown
FN:32,Panel
FN:38,(anonymous_2)
FNF:3
FNH:3
FNDA:2,PanelDropDown
FNDA:1,Panel
FNDA:1,(anonymous_2)
DA:12,2
DA:33,1
DA:38,1
LF:3
LH:3
BRF:0
BRH:0
end_of_record
TN:
SF:src/components/Profile.tsx
FN:18,ProfileDropDown
FN:23,(anonymous_1)
FN:26,(anonymous_2)
FN:27,(anonymous_3)
FN:33,(anonymous_4)
FN:34,(anonymous_5)
FN:40,(anonymous_6)
FN:99,Profile
FN:103,(anonymous_8)
FN:107,(anonymous_9)
FN:127,(anonymous_10)
FNF:11
FNH:9
FNDA:15,ProfileDropDown
FNDA:4,(anonymous_1)
FNDA:2,(anonymous_2)
FNDA:2,(anonymous_3)
FNDA:2,(anonymous_4)
FNDA:2,(anonymous_5)
FNDA:1,(anonymous_6)
FNDA:2,Profile
FNDA:0,(anonymous_8)
FNDA:0,(anonymous_9)
FNDA:1,(anonymous_10)
DA:19,15
DA:20,15
DA:21,15
DA:23,15
DA:24,4
DA:26,15
DA:27,2
DA:28,2
DA:29,2
DA:30,2
DA:33,15
DA:34,2
DA:35,2
DA:36,2
DA:37,2
DA:40,15
DA:41,1
DA:42,1
DA:43,0
DA:45,1
DA:46,1
DA:48,15
DA:100,2
DA:101,2
DA:103,2
DA:104,0
DA:105,0
DA:107,2
DA:108,0
DA:109,0
DA:111,2
DA:118,2
DA:127,1
LF:33
LH:28
BRDA:29,0,0,1
BRDA:29,0,1,1
BRDA:36,1,0,2
BRDA:36,1,1,0
BRDA:42,2,0,0
BRDA:42,2,1,1
BRF:6
BRH:4
end_of_record
TN:
SF:src/components/ScreenShare.tsx
FN:6,ScreenShare
FN:7,(anonymous_1)
FN:21,(anonymous_2)
FNF:3
FNH:0
FNDA:0,ScreenShare
FNDA:0,(anonymous_1)
FNDA:0,(anonymous_2)
DA:7,0
DA:8,0
DA:19,0
DA:21,0
LF:4
LH:0
BRF:0
BRH:0
end_of_record
TN:
SF:src/components/SpaceCanvas.tsx
FN:16,getPercentageFromLoadStatus
FN:21,isLoading
FN:27,SpaceCanvas
FN:37,(anonymous_3)
FN:41,(anonymous_4)
FN:45,(anonymous_5)
FN:51,(anonymous_6)
FN:58,(anonymous_7)
FN:81,(anonymous_8)
FN:86,(anonymous_9)
FN:91,(anonymous_10)
FN:98,(anonymous_11)
FN:104,(anonymous_12)
FNF:13
FNH:0
FNDA:0,getPercentageFromLoadStatus
FNDA:0,isLoading
FNDA:0,SpaceCanvas
FNDA:0,(anonymous_3)
FNDA:0,(anonymous_4)
FNDA:0,(anonymous_5)
FNDA:0,(anonymous_6)
FNDA:0,(anonymous_7)
FNDA:0,(anonymous_8)
FNDA:0,(anonymous_9)
FNDA:0,(anonymous_10)
FNDA:0,(anonymous_11)
FNDA:0,(anonymous_12)
DA:17,0
DA:18,0
DA:22,0
DA:23,0
DA:24,0
DA:29,0
DA:33,0
DA:34,0
DA:37,0
DA:38,0
DA:41,0
DA:42,0
DA:45,0
DA:46,0
DA:47,0
DA:51,0
DA:52,0
DA:53,0
DA:55,0
DA:58,0
DA:59,0
DA:60,0
DA:61,0
DA:63,0
DA:64,0
DA:65,0
DA:66,0
DA:67,0
DA:69,0
DA:70,0
DA:79,0
DA:81,0
DA:82,0
DA:84,0
DA:85,0
DA:86,0
DA:87,0
DA:91,0
DA:92,0
DA:93,0
DA:95,0
DA:98,0
DA:99,0
DA:100,0
DA:102,0
DA:103,0
DA:104,0
DA:105,0
DA:106,0
DA:107,0
DA:109,0
DA:110,0
DA:111,0
DA:113,0
DA:116,0
LF:55
LH:0
BRDA:17,0,0,0
BRDA:17,0,1,0
BRDA:22,1,0,0
BRDA:22,1,1,0
BRDA:23,2,0,0
BRDA:23,2,1,0
BRDA:46,3,0,0
BRDA:46,3,1,0
BRDA:52,4,0,0
BRDA:52,4,1,0
BRDA:59,5,0,0
BRDA:59,5,1,0
BRDA:65,6,0,0
BRDA:65,6,1,0
BRDA:92,7,0,0
BRDA:92,7,1,0
BRDA:92,8,0,0
BRDA:92,8,1,0
BRDA:105,9,0,0
BRDA:105,9,1,0
BRDA:119,10,0,0
BRDA:119,10,1,0
BRDA:128,11,0,0
BRDA:128,11,1,0
BRF:24
BRH:0
end_of_record
TN:
SF:src/components/Welcome.tsx
FN:8,Welcome
FNF:1
FNH:1
FNDA:2,Welcome
DA:9,2
LF:1
LH:1
BRF:0
BRH:0
end_of_record
TN:
SF:src/pages/homePage/Home.tsx
FN:11,Home
FN:12,(anonymous_1)
FN:16,(anonymous_2)
FN:20,(anonymous_3)
FNF:4
FNH:1
FNDA:1,Home
FNDA:0,(anonymous_1)
FNDA:0,(anonymous_2)
FNDA:0,(anonymous_3)
DA:12,1
DA:13,0
DA:16,1
DA:17,0
DA:20,1
DA:21,0
DA:24,1
LF:7
LH:4
BRF:0
BRH:0
end_of_record
TN:
SF:src/pages/spacePage/Space.tsx
FN:25,setNewPeerManager
FN:34,(anonymous_1)
FN:52,(anonymous_2)
FN:59,Space
FN:77,(anonymous_4)
FN:86,(anonymous_5)
FN:93,(anonymous_6)
FN:97,(anonymous_7)
FN:102,(anonymous_8)
FNF:9
FNH:0
FNDA:0,setNewPeerManager
FNDA:0,(anonymous_1)
FNDA:0,(anonymous_2)
FNDA:0,Space
FNDA:0,(anonymous_4)
FNDA:0,(anonymous_5)
FNDA:0,(anonymous_6)
FNDA:0,(anonymous_7)
FNDA:0,(anonymous_8)
DA:11,0
DA:32,0
DA:35,0
DA:36,0
DA:37,0
DA:38,0
DA:40,0
DA:50,0
DA:53,0
DA:56,0
DA:61,0
DA:62,0
DA:63,0
DA:64,0
DA:66,0
DA:67,0
DA:70,0
DA:71,0
DA:74,0
DA:77,0
DA:78,0
DA:79,0
DA:80,0
DA:82,0
DA:87,0
DA:88,0
DA:91,0
DA:94,0
DA:97,0
DA:98,0
DA:102,0
DA:103,0
DA:106,0
LF:33
LH:0
BRDA:36,0,0,0
BRDA:36,0,1,0
BRDA:62,1,0,0
BRDA:62,1,1,0
BRDA:62,2,0,0
BRDA:62,2,1,0
BRDA:66,3,0,0
BRDA:66,3,1,0
BRDA:66,4,0,0
BRDA:66,4,1,0
BRDA:67,5,0,0
BRDA:67,5,1,0
BRDA:78,6,0,0
BRDA:78,6,1,0
BRDA:78,7,0,0
BRDA:78,7,1,0
BRDA:87,8,0,0
BRDA:87,8,1,0
BRDA:98,9,0,0
BRDA:98,9,1,0
BRDA:108,10,0,0
BRDA:108,10,1,0
BRF:22
BRH:0
end_of_record
TN:
SF:src/utils/IdProvider.ts
FN:3,(anonymous_0)
FNF:1
FNH:1
FNDA:49,(anonymous_0)
DA:2,1
DA:4,49
DA:5,49
LF:3
LH:3
BRF:0
BRH:0
end_of_record
TN:
SF:src/utils/ImageInfoProvider.ts
FN:41,(anonymous_0)
FN:59,(anonymous_1)
FN:70,(anonymous_2)
FN:71,(anonymous_3)
FN:77,(anonymous_4)
FN:78,(anonymous_5)
FN:84,(anonymous_6)
FN:108,(anonymous_7)
FN:121,(anonymous_8)
FN:129,(anonymous_9)
FN:179,(anonymous_10)
FN:191,(anonymous_11)
FN:212,(anonymous_12)
FN:213,(anonymous_13)
FN:214,(anonymous_14)
FN:215,(anonymous_15)
FN:224,(anonymous_16)
FN:225,(anonymous_17)
FN:226,(anonymous_18)
FN:266,(anonymous_19)
FN:279,(anonymous_20)
FN:296,(anonymous_21)
FN:309,(anonymous_22)
FN:320,(anonymous_23)
FN:352,(anonymous_24)
FN:360,(anonymous_25)
FN:362,(anonymous_26)
FN:364,(anonymous_27)
FNF:28
FNH:24
FNDA:1,(anonymous_0)
FNDA:1,(anonymous_1)
FNDA:70,(anonymous_2)
FNDA:0,(anonymous_3)
FNDA:72,(anonymous_4)
FNDA:0,(anonymous_5)
FNDA:27,(anonymous_6)
FNDA:43,(anonymous_7)
FNDA:0,(anonymous_8)
FNDA:0,(anonymous_9)
FNDA:27,(anonymous_10)
FNDA:27,(anonymous_11)
FNDA:1,(anonymous_12)
FNDA:4,(anonymous_13)
FNDA:3,(anonymous_14)
FNDA:43,(anonymous_15)
FNDA:6,(anonymous_16)
FNDA:6,(anonymous_17)
FNDA:51,(anonymous_18)
FNDA:1,(anonymous_19)
FNDA:2400,(anonymous_20)
FNDA:1,(anonymous_21)
FNDA:49,(anonymous_22)
FNDA:1,(anonymous_23)
FNDA:1,(anonymous_24)
FNDA:4,(anonymous_25)
FNDA:20,(anonymous_26)
FNDA:20,(anonymous_27)
DA:45,1
DA:46,1
DA:47,1
DA:48,1
DA:49,1
DA:50,1
DA:52,1
DA:53,1
DA:55,1
DA:63,1
DA:64,1
DA:67,1
DA:70,1
DA:71,70
DA:73,0
DA:77,1
DA:78,72
DA:80,0
DA:84,1
DA:85,27
DA:86,27
DA:91,27
DA:96,27
DA:101,27
DA:108,1
DA:113,43
DA:114,43
DA:115,43
DA:116,43
DA:117,43
DA:119,0
DA:120,0
DA:121,0
DA:122,0
DA:123,0
DA:129,0
DA:130,0
DA:131,0
DA:137,0
DA:141,41
DA:142,2952
DA:143,212544
DA:149,41
DA:152,2
DA:153,2
DA:155,2
DA:156,280
DA:157,30560
DA:158,30560
DA:159,30560
DA:160,23966
DA:167,2
DA:171,0
DA:174,0
DA:179,1
DA:184,27
DA:185,27
DA:186,0
DA:187,0
DA:189,27
DA:190,27
DA:191,27
DA:192,27
DA:193,27
DA:201,27
DA:207,27
DA:209,27
DA:212,1
DA:213,1
DA:214,4
DA:215,3
DA:216,43
DA:224,4
DA:225,6
DA:226,6
DA:227,51
DA:233,51
DA:234,3
DA:239,51
DA:241,51
DA:242,51
DA:245,51
DA:246,51
DA:247,51
DA:248,51
DA:249,51
DA:250,0
DA:251,0
DA:257,51
DA:261,6
DA:266,1
DA:267,1
DA:269,1
DA:274,0
DA:275,0
DA:278,1
DA:279,1
DA:280,2400
DA:288,1
DA:290,1
DA:291,1
DA:296,1
DA:297,1
DA:298,1
DA:301,1
DA:309,1
DA:310,49
DA:311,49
DA:312,4
DA:314,45
DA:316,49
DA:320,1
DA:321,1
DA:323,1
DA:324,1
DA:325,1
DA:326,15
DA:331,1
DA:332,15
DA:337,1
DA:338,11
DA:343,1
DA:344,1
DA:345,1
DA:346,1
DA:347,1
DA:348,1
DA:349,1
DA:352,1
DA:353,1
DA:360,1
DA:361,4
DA:362,4
DA:363,20
DA:364,20
DA:365,20
DA:366,20
DA:368,20
DA:370,4
DA:372,1
LF:140
LH:121
BRDA:64,0,0,0
BRDA:64,0,1,1
BRDA:70,1,0,21
BRDA:117,2,0,0
BRDA:117,2,1,41
BRDA:117,2,2,2
BRDA:117,2,3,0
BRDA:159,3,0,23966
BRDA:159,3,1,6594
BRDA:185,4,0,0
BRDA:185,4,1,27
BRDA:233,5,0,3
BRDA:233,5,1,48
BRDA:241,6,0,51
BRDA:241,6,1,0
BRDA:269,7,0,0
BRDA:269,7,1,1
BRDA:270,8,0,1
BRDA:270,8,1,1
BRDA:270,8,2,1
BRDA:290,9,0,1
BRDA:290,9,1,0
BRDA:311,10,0,4
BRDA:311,10,1,45
BRF:24
BRH:17
end_of_record
TN:
SF:src/utils/ImageMetaData.ts
FNF:0
FNH:0
DA:98,2
DA:116,2
DA:134,2
DA:159,2
DA:181,2
DA:192,2
DA:210,2
DA:262,2
DA:314,2
DA:366,2
DA:418,2
LF:11
LH:11
BRF:0
BRH:0
end_of_record
TN:
SF:src/utils/RTCGameUtils.ts
FN:40,(anonymous_0)
FN:76,(anonymous_1)
FN:88,(anonymous_2)
FN:118,(anonymous_3)
FN:155,(anonymous_4)
FN:198,(anonymous_5)
FN:224,(anonymous_6)
FN:226,(anonymous_7)
FN:230,(anonymous_8)
FN:233,(anonymous_9)
FN:247,(anonymous_10)
FN:256,(anonymous_11)
FN:284,(anonymous_12)
FN:312,(anonymous_13)
FN:324,(anonymous_14)
FN:333,(anonymous_15)
FN:343,(anonymous_16)
FN:345,(anonymous_17)
FN:353,(anonymous_18)
FN:362,(anonymous_19)
FN:373,(anonymous_20)
FN:380,(anonymous_21)
FN:385,(anonymous_22)
FN:392,(anonymous_23)
FN:404,(anonymous_24)
FN:410,(anonymous_25)
FN:421,(anonymous_26)
FN:424,(anonymous_27)
FN:441,(anonymous_28)
FN:443,(anonymous_29)
FNF:30
FNH:0
FNDA:0,(anonymous_0)
FNDA:0,(anonymous_1)
FNDA:0,(anonymous_2)
FNDA:0,(anonymous_3)
FNDA:0,(anonymous_4)
FNDA:0,(anonymous_5)
FNDA:0,(anonymous_6)
FNDA:0,(anonymous_7)
FNDA:0,(anonymous_8)
FNDA:0,(anonymous_9)
FNDA:0,(anonymous_10)
FNDA:0,(anonymous_11)
FNDA:0,(anonymous_12)
FNDA:0,(anonymous_13)
FNDA:0,(anonymous_14)
FNDA:0,(anonymous_15)
FNDA:0,(anonymous_16)
FNDA:0,(anonymous_17)
FNDA:0,(anonymous_18)
FNDA:0,(anonymous_19)
FNDA:0,(anonymous_20)
FNDA:0,(anonymous_21)
FNDA:0,(anonymous_22)
FNDA:0,(anonymous_23)
FNDA:0,(anonymous_24)
FNDA:0,(anonymous_25)
FNDA:0,(anonymous_26)
FNDA:0,(anonymous_27)
FNDA:0,(anonymous_28)
FNDA:0,(anonymous_29)
DA:48,0
DA:49,0
DA:50,0
DA:51,0
DA:52,0
DA:53,0
DA:54,0
DA:55,0
DA:56,0
DA:57,0
DA:58,0
DA:60,0
DA:61,0
DA:63,0
DA:64,0
DA:65,0
DA:66,0
DA:68,0
DA:69,0
DA:70,0
DA:71,0
DA:72,0
DA:73,0
DA:77,0
DA:85,0
DA:89,0
DA:90,0
DA:91,0
DA:92,0
DA:93,0
DA:94,0
DA:95,0
DA:96,0
DA:97,0
DA:99,0
DA:100,0
DA:101,0
DA:102,0
DA:103,0
DA:111,0
DA:115,0
DA:119,0
DA:120,0
DA:121,0
DA:123,0
DA:125,0
DA:126,0
DA:127,0
DA:128,0
DA:129,0
DA:132,0
DA:133,0
DA:135,0
DA:137,0
DA:142,0
DA:144,0
DA:145,0
DA:146,0
DA:147,0
DA:148,0
DA:152,0
DA:153,0
DA:154,0
DA:156,0
DA:160,0
DA:161,0
DA:162,0
DA:163,0
DA:164,0
DA:205,0
DA:206,0
DA:207,0
DA:208,0
DA:209,0
DA:211,0
DA:212,0
DA:213,0
DA:216,0
DA:217,0
DA:218,0
DA:219,0
DA:220,0
DA:221,0
DA:223,0
DA:224,0
DA:225,0
DA:226,0
DA:227,0
DA:228,0
DA:230,0
DA:231,0
DA:233,0
DA:234,0
DA:239,0
DA:242,0
DA:243,0
DA:248,0
DA:249,0
DA:250,0
DA:251,0
DA:252,0
DA:253,0
DA:257,0
DA:261,0
DA:269,0
DA:295,0
DA:296,0
DA:297,0
DA:305,0
DA:306,0
DA:307,0
DA:308,0
DA:309,0
DA:310,0
DA:312,0
DA:313,0
DA:314,0
DA:319,0
DA:320,0
DA:321,0
DA:322,0
DA:325,0
DA:326,0
DA:331,0
DA:334,0
DA:343,0
DA:344,0
DA:345,0
DA:346,0
DA:347,0
DA:351,0
DA:354,0
DA:355,0
DA:360,0
DA:363,0
DA:373,0
DA:374,0
DA:375,0
DA:376,0
DA:380,0
DA:381,0
DA:382,0
DA:383,0
DA:386,0
DA:390,0
DA:396,0
DA:404,0
DA:405,0
DA:408,0
DA:410,0
DA:411,0
DA:412,0
DA:413,0
DA:418,0
DA:421,0
DA:422,0
DA:424,0
DA:425,0
DA:426,0
DA:431,0
DA:432,0
DA:433,0
DA:434,0
DA:435,0
DA:439,0
DA:442,0
DA:443,0
DA:444,0
DA:446,0
LF:169
LH:0
BRDA:90,0,0,0
BRDA:90,0,1,0
BRDA:93,1,0,0
BRDA:93,1,1,0
BRDA:94,2,0,0
BRDA:94,2,1,0
BRDA:103,3,0,0
BRDA:103,3,1,0
BRDA:104,4,0,0
BRDA:104,4,1,0
BRDA:104,4,2,0
BRDA:104,4,3,0
BRDA:104,4,4,0
BRDA:123,5,0,0
BRDA:123,5,1,0
BRDA:142,6,0,0
BRDA:142,6,1,0
BRDA:161,7,0,0
BRDA:161,7,1,0
BRDA:163,8,0,0
BRDA:163,8,1,0
BRDA:307,9,0,0
BRDA:307,9,1,0
BRDA:313,10,0,0
BRDA:313,10,1,0
BRDA:320,11,0,0
BRDA:320,11,1,0
BRDA:346,12,0,0
BRDA:346,12,1,0
BRDA:375,13,0,0
BRDA:375,13,1,0
BRDA:382,14,0,0
BRDA:382,14,1,0
BRDA:390,15,0,0
BRDA:390,15,1,0
BRDA:412,16,0,0
BRDA:412,16,1,0
BRDA:426,17,0,0
BRDA:426,17,1,0
BRDA:427,18,0,0
BRDA:427,18,1,0
BRDA:427,18,2,0
BRDA:432,19,0,0
BRDA:432,19,1,0
BRF:44
BRH:0
end_of_record
TN:
SF:src/utils/webGLUtils.ts
FN:41,(anonymous_0)
FN:59,(anonymous_1)
FN:80,(anonymous_2)
FN:95,(anonymous_3)
FN:115,(anonymous_4)
FN:134,(anonymous_5)
FN:166,(anonymous_6)
FN:174,(anonymous_7)
FN:192,(anonymous_8)
FN:210,(anonymous_9)
FN:245,(anonymous_10)
FN:295,(anonymous_11)
FN:306,(anonymous_12)
FN:329,(anonymous_13)
FN:346,(anonymous_14)
FN:353,(anonymous_15)
FN:368,(anonymous_16)
FN:406,(anonymous_17)
FN:421,(anonymous_18)
FN:428,(anonymous_19)
FN:452,(anonymous_20)
FN:455,(anonymous_21)
FN:499,(anonymous_22)
FN:511,(anonymous_23)
FN:521,(anonymous_24)
FN:522,(anonymous_25)
FN:532,(anonymous_26)
FN:534,(anonymous_27)
FN:535,(anonymous_28)
FNF:29
FNH:0
FNDA:0,(anonymous_0)
FNDA:0,(anonymous_1)
FNDA:0,(anonymous_2)
FNDA:0,(anonymous_3)
FNDA:0,(anonymous_4)
FNDA:0,(anonymous_5)
FNDA:0,(anonymous_6)
FNDA:0,(anonymous_7)
FNDA:0,(anonymous_8)
FNDA:0,(anonymous_9)
FNDA:0,(anonymous_10)
FNDA:0,(anonymous_11)
FNDA:0,(anonymous_12)
FNDA:0,(anonymous_13)
FNDA:0,(anonymous_14)
FNDA:0,(anonymous_15)
FNDA:0,(anonymous_16)
FNDA:0,(anonymous_17)
FNDA:0,(anonymous_18)
FNDA:0,(anonymous_19)
FNDA:0,(anonymous_20)
FNDA:0,(anonymous_21)
FNDA:0,(anonymous_22)
FNDA:0,(anonymous_23)
FNDA:0,(anonymous_24)
FNDA:0,(anonymous_25)
FNDA:0,(anonymous_26)
FNDA:0,(anonymous_27)
FNDA:0,(anonymous_28)
DA:5,0
DA:7,0
DA:20,0
DA:41,0
DA:45,0
DA:46,0
DA:50,0
DA:52,0
DA:53,0
DA:54,0
DA:56,0
DA:59,0
DA:64,0
DA:65,0
DA:66,0
DA:67,0
DA:69,0
DA:70,0
DA:72,0
DA:73,0
DA:74,0
DA:76,0
DA:77,0
DA:80,0
DA:85,0
DA:86,0
DA:91,0
DA:92,0
DA:95,0
DA:100,0
DA:101,0
DA:102,0
DA:103,0
DA:105,0
DA:106,0
DA:107,0
DA:109,0
DA:110,0
DA:111,0
DA:112,0
DA:115,0
DA:121,0
DA:122,0
DA:123,0
DA:124,0
DA:127,0
DA:128,0
DA:129,0
DA:130,0
DA:131,0
DA:134,0
DA:139,0
DA:145,0
DA:146,0
DA:167,0
DA:168,0
DA:169,0
DA:170,0
DA:171,0
DA:175,0
DA:176,0
DA:178,0
DA:179,0
DA:180,0
DA:181,0
DA:187,0
DA:188,0
DA:193,0
DA:194,0
DA:196,0
DA:197,0
DA:198,0
DA:199,0
DA:205,0
DA:206,0
DA:211,0
DA:212,0
DA:213,0
DA:217,0
DA:219,0
DA:223,0
DA:250,0
DA:251,0
DA:252,0
DA:253,0
DA:254,0
DA:256,0
DA:257,0
DA:259,0
DA:260,0
DA:261,0
DA:262,0
DA:264,0
DA:265,0
DA:266,0
DA:268,0
DA:270,0
DA:271,0
DA:273,0
DA:274,0
DA:275,0
DA:277,0
DA:278,0
DA:279,0
DA:280,0
DA:282,0
DA:284,0
DA:288,0
DA:289,0
DA:290,0
DA:292,0
DA:296,0
DA:307,0
DA:309,0
DA:315,0
DA:319,0
DA:320,0
DA:322,0
DA:329,0
DA:331,0
DA:335,0
DA:338,0
DA:343,0
DA:347,0
DA:354,0
DA:355,0
DA:360,0
DA:365,0
DA:369,0
DA:370,0
DA:375,0
DA:381,0
DA:382,0
DA:388,0
DA:394,0
DA:399,0
DA:407,0
DA:408,0
DA:416,0
DA:418,0
DA:422,0
DA:423,0
DA:424,0
DA:425,0
DA:433,0
DA:437,0
DA:438,0
DA:442,0
DA:444,0
DA:453,0
DA:454,0
DA:455,0
DA:456,0
DA:461,0
DA:462,0
DA:463,0
DA:470,0
DA:475,0
DA:476,0
DA:478,0
DA:479,0
DA:482,0
DA:483,0
DA:484,0
DA:486,0
DA:487,0
DA:488,0
DA:489,0
DA:490,0
DA:491,0
DA:492,0
DA:493,0
DA:495,0
DA:496,0
DA:500,0
DA:501,0
DA:502,0
DA:506,0
DA:507,0
DA:508,0
DA:512,0
DA:513,0
DA:520,0
DA:521,0
DA:522,0
DA:523,0
DA:533,0
DA:534,0
DA:535,0
DA:536,0
DA:537,0
DA:539,0
DA:544,0
LF:193
LH:0
BRDA:50,0,0,0
BRDA:50,0,1,0
BRDA:52,1,0,0
BRDA:52,1,1,0
BRDA:65,2,0,0
BRDA:65,2,1,0
BRDA:73,3,0,0
BRDA:73,3,1,0
BRDA:91,4,0,0
BRDA:91,4,1,0
BRDA:91,5,0,0
BRDA:91,5,1,0
BRDA:101,6,0,0
BRDA:101,6,1,0
BRDA:110,7,0,0
BRDA:110,7,1,0
BRDA:122,8,0,0
BRDA:122,8,1,0
BRDA:139,9,0,0
BRDA:139,9,1,0
BRDA:140,10,0,0
BRDA:140,10,1,0
BRDA:140,10,2,0
BRDA:140,10,3,0
BRDA:181,11,0,0
BRDA:181,11,1,0
BRDA:182,12,0,0
BRDA:182,12,1,0
BRDA:182,12,2,0
BRDA:182,12,3,0
BRDA:199,13,0,0
BRDA:199,13,1,0
BRDA:200,14,0,0
BRDA:200,14,1,0
BRDA:200,14,2,0
BRDA:200,14,3,0
BRDA:213,15,0,0
BRDA:213,15,1,0
BRDA:214,16,0,0
BRDA:214,16,1,0
BRDA:219,17,0,0
BRDA:219,17,1,0
BRDA:220,18,0,0
BRDA:220,18,1,0
BRDA:265,19,0,0
BRDA:265,19,1,0
BRDA:278,20,0,0
BRDA:278,20,1,0
BRDA:288,21,0,0
BRDA:288,21,1,0
BRDA:306,22,0,0
BRDA:319,23,0,0
BRDA:319,23,1,0
BRDA:431,24,0,0
BRDA:437,25,0,0
BRDA:437,25,1,0
BRDA:446,26,0,0
BRDA:446,26,1,0
BRDA:461,27,0,0
BRDA:461,27,1,0
BRDA:486,28,0,0
BRDA:486,28,1,0
BRDA:488,29,0,0
BRDA:488,29,1,0
BRDA:490,30,0,0
BRDA:490,30,1,0
BRDA:492,31,0,0
BRDA:492,31,1,0
BRDA:512,32,0,0
BRDA:512,32,1,0
BRDA:536,33,0,0
BRDA:536,33,1,0
BRF:72
BRH:0
end_of_record
